New log file opened at Wed Dec 16 20:55:49 CET 2015 by 1855@MaciejCH.local
Sending msg to client activator-d3ec3538-8402-425e-8093-dbec0673be6e: DetachedLogEvent(LogMessage(debug,sbt server socket logs are in: /Users/maciej/Desktop/IoTWebRouter/.sbtserver/connections/master.log))
Sending msg to client activator-d3ec3538-8402-425e-8093-dbec0673be6e: DetachedLogEvent(LogMessage(debug,sbt client logs are in: /Users/maciej/Desktop/IoTWebRouter/.sbtserver/connections/activator-d3ec3538-8402-425e-8093-dbec0673be6e.log))
Sending msg to client activator-d3ec3538-8402-425e-8093-dbec0673be6e: DetachedLogEvent(LogMessage(debug,sbt general server logs are in: /Users/maciej/Desktop/IoTWebRouter/.sbtserver/master.log))
Reading next message from client.
Got request: ListenToEvents()
Reading next message from client.
Got request: ListenToBuildChange()
Reading next message from client.
Got request: SendSyntheticBuildChanged()
Reading next message from client.
Sending msg to client activator-d3ec3538-8402-425e-8093-dbec0673be6e: DetachedLogEvent(LogMessage(debug,> --initialize))
Got request: KeyLookupRequest(discoveredMainClasses)
Reading next message from client.
Got request: KeyLookupRequest(mainClass)
Reading next message from client.
Sending msg to client activator-d3ec3538-8402-425e-8093-dbec0673be6e: (3,ReceivedResponse())
Sending msg to client activator-d3ec3538-8402-425e-8093-dbec0673be6e: DetachedLogEvent(LogMessage(debug,> initialize))
Sending msg to client activator-d3ec3538-8402-425e-8093-dbec0673be6e: DetachedLogEvent(LogMessage(debug,> onFailure load-failed))
Sending msg to client activator-d3ec3538-8402-425e-8093-dbec0673be6e: DetachedLogEvent(LogMessage(debug,> boot))
Sending msg to client activator-d3ec3538-8402-425e-8093-dbec0673be6e: DetachedLogEvent(LogMessage(debug,> reload))
Sending msg to client activator-d3ec3538-8402-425e-8093-dbec0673be6e: DetachedLogEvent(LogMessage(debug,[Loading] Scanning directory /Users/maciej/Desktop/IoTWebRouter/project))
Sending msg to client activator-d3ec3538-8402-425e-8093-dbec0673be6e: DetachedLogEvent(LogMessage(debug,[Loading] Found non-root projects ))
Sending msg to client activator-d3ec3538-8402-425e-8093-dbec0673be6e: DetachedLogEvent(LogMessage(debug,[Loading] Done in /Users/maciej/Desktop/IoTWebRouter/project, returning: ()))
Sending msg to client activator-d3ec3538-8402-425e-8093-dbec0673be6e: DetachedLogEvent(LogMessage(debug,deducing auto plugins based on known facts Set(Atom(sbt.plugins.CorePlugin)) and clauses Clauses(List(Clause(Atom(sbt.plugins.JvmPlugin),Set(Atom(sbt.plugins.IvyPlugin))), Clause(Atom(sbt.plugins.JUnitXmlReportPlugin),Set(Atom(sbt.plugins.JvmPlugin))), Clause(Atom(sbt.plugins.CorePlugin),Set(Atom(sbt.plugins.IvyPlugin))), Clause(Atom(sbt.plugins.IvyPlugin),Set(Atom(sbt.plugins.JvmPlugin))), Clause(Atom(sbt.plugins.JvmPlugin),Set(Atom(sbt.plugins.JUnitXmlReportPlugin)))))))
Sending msg to client activator-d3ec3538-8402-425e-8093-dbec0673be6e: DetachedLogEvent(LogMessage(debug,  :: deduced result: Matched(sbt.plugins.CorePlugin,sbt.plugins.IvyPlugin,sbt.plugins.JvmPlugin,sbt.plugins.JUnitXmlReportPlugin)))
Sending msg to client activator-d3ec3538-8402-425e-8093-dbec0673be6e: DetachedLogEvent(LogMessage(debug,sorting: ns: List(sbt.plugins.CorePlugin, sbt.plugins.IvyPlugin, sbt.plugins.JvmPlugin, sbt.plugins.JUnitXmlReportPlugin)))
Sending msg to client activator-d3ec3538-8402-425e-8093-dbec0673be6e: DetachedLogEvent(LogMessage(debug,  :: sorting:: found: List(sbt.plugins.CorePlugin) not found List(sbt.plugins.IvyPlugin, sbt.plugins.JvmPlugin, sbt.plugins.JUnitXmlReportPlugin)))
Sending msg to client activator-d3ec3538-8402-425e-8093-dbec0673be6e: DetachedLogEvent(LogMessage(debug,  :: sorting:: found: List(sbt.plugins.CorePlugin, sbt.plugins.IvyPlugin) not found List(sbt.plugins.JvmPlugin, sbt.plugins.JUnitXmlReportPlugin)))
Sending msg to client activator-d3ec3538-8402-425e-8093-dbec0673be6e: DetachedLogEvent(LogMessage(debug,  :: sorting:: found: List(sbt.plugins.CorePlugin, sbt.plugins.IvyPlugin, sbt.plugins.JvmPlugin) not found List(sbt.plugins.JUnitXmlReportPlugin)))
Sending msg to client activator-d3ec3538-8402-425e-8093-dbec0673be6e: DetachedLogEvent(LogMessage(debug,  :: sorting:: found: List(sbt.plugins.CorePlugin, sbt.plugins.IvyPlugin, sbt.plugins.JvmPlugin, sbt.plugins.JUnitXmlReportPlugin) not found List()))
Sending msg to client activator-d3ec3538-8402-425e-8093-dbec0673be6e: DetachedLogEvent(LogMessage(debug,  :: sorted deduced result: List(sbt.plugins.CorePlugin, sbt.plugins.IvyPlugin, sbt.plugins.JvmPlugin, sbt.plugins.JUnitXmlReportPlugin)))
Sending msg to client activator-d3ec3538-8402-425e-8093-dbec0673be6e: DetachedLogEvent(LogMessage(debug,[Loading] Done in /Users/maciej/Desktop/IoTWebRouter/project, returning: (iotwebrouter-build)))
Sending msg to client activator-d3ec3538-8402-425e-8093-dbec0673be6e: DetachedLogEvent(LogMessage(info,Loading project definition from /Users/maciej/Desktop/IoTWebRouter/project))
Sending msg to client activator-d3ec3538-8402-425e-8093-dbec0673be6e: DetachedLogEvent(LogMessage(debug,Running task... Cancel: sbt.TaskCancellationStrategy$Null$@3ec44bd, check cycles: false))
Sending msg to client activator-d3ec3538-8402-425e-8093-dbec0673be6e: DetachedLogEvent(LogMessage(debug,
Initial source changes: 
	removed:Set()
	added: Set()
	modified: Set()
Removed products: Set()
External API changes: API Changes: Set()
Modified binary dependencies: Set()
Initial directly invalidated sources: Set()

Sources indirectly invalidated by:
	product: Set()
	binary dep: Set()
	external source: Set()))
Sending msg to client activator-d3ec3538-8402-425e-8093-dbec0673be6e: DetachedLogEvent(LogMessage(debug,All initially invalidated sources: Set()
))
Sending msg to client activator-d3ec3538-8402-425e-8093-dbec0673be6e: DetachedLogEvent(LogMessage(debug,Copy resource mappings: 
	))
Sending msg to client activator-d3ec3538-8402-425e-8093-dbec0673be6e: DetachedLogEvent(LogMessage(debug,[Loading] Scanning directory /Users/maciej/Desktop/IoTWebRouter))
Sending msg to client activator-d3ec3538-8402-425e-8093-dbec0673be6e: DetachedLogEvent(LogMessage(debug,[Loading] Found non-root projects ))
Sending msg to client activator-d3ec3538-8402-425e-8093-dbec0673be6e: DetachedLogEvent(LogMessage(debug,[Loading] Done in /Users/maciej/Desktop/IoTWebRouter, returning: ()))
Sending msg to client activator-d3ec3538-8402-425e-8093-dbec0673be6e: DetachedLogEvent(LogMessage(debug,deducing auto plugins based on known facts Set(Atom(sbt.plugins.CorePlugin)) and clauses Clauses(List(Clause(Atom(sbt.plugins.JvmPlugin),Set(Atom(sbt.plugins.IvyPlugin))), Clause(Atom(sbt.plugins.JUnitXmlReportPlugin),Set(Atom(sbt.plugins.JvmPlugin))), Clause(Atom(sbt.plugins.BackgroundRunPlugin),Set(Atom(sbt.plugins.JvmPlugin))), Clause(Atom(sbt.plugins.CorePlugin),Set(Atom(sbt.plugins.IvyPlugin))), Clause(Atom(sbt.plugins.IvyPlugin),Set(Atom(sbt.plugins.JvmPlugin))), Clause(Atom(sbt.plugins.JvmPlugin),Set(Atom(sbt.plugins.JUnitXmlReportPlugin))), Clause(Atom(sbt.plugins.JvmPlugin),Set(Atom(sbt.plugins.BackgroundRunPlugin))), Clause(Atom(sbt.plugins.CorePlugin),Set(Atom(sbt.plugins.InteractionServicePlugin))), Clause(Atom(sbt.plugins.CorePlugin),Set(Atom(sbt.plugins.SendEventServicePlugin))), Clause(Atom(sbt.plugins.CorePlugin),Set(Atom(sbt.plugins.SerializersPlugin)))))))
Sending msg to client activator-d3ec3538-8402-425e-8093-dbec0673be6e: DetachedLogEvent(LogMessage(debug,  :: deduced result: Matched(sbt.plugins.CorePlugin,sbt.plugins.SerializersPlugin,sbt.plugins.SendEventServicePlugin,sbt.plugins.InteractionServicePlugin,sbt.plugins.IvyPlugin,sbt.plugins.JvmPlugin,sbt.plugins.BackgroundRunPlugin,sbt.plugins.JUnitXmlReportPlugin)))
Sending msg to client activator-d3ec3538-8402-425e-8093-dbec0673be6e: DetachedLogEvent(LogMessage(debug,sorting: ns: List(sbt.plugins.CorePlugin, sbt.plugins.SerializersPlugin, sbt.plugins.SendEventServicePlugin, sbt.plugins.InteractionServicePlugin, sbt.plugins.IvyPlugin, sbt.plugins.JvmPlugin, sbt.plugins.BackgroundRunPlugin, sbt.plugins.JUnitXmlReportPlugin)))
Sending msg to client activator-d3ec3538-8402-425e-8093-dbec0673be6e: DetachedLogEvent(LogMessage(debug,  :: sorting:: found: List(sbt.plugins.CorePlugin) not found List(sbt.plugins.SerializersPlugin, sbt.plugins.SendEventServicePlugin, sbt.plugins.InteractionServicePlugin, sbt.plugins.IvyPlugin, sbt.plugins.JvmPlugin, sbt.plugins.BackgroundRunPlugin, sbt.plugins.JUnitXmlReportPlugin)))
Sending msg to client activator-d3ec3538-8402-425e-8093-dbec0673be6e: DetachedLogEvent(LogMessage(debug,  :: sorting:: found: List(sbt.plugins.CorePlugin, sbt.plugins.SerializersPlugin, sbt.plugins.SendEventServicePlugin, sbt.plugins.InteractionServicePlugin, sbt.plugins.IvyPlugin) not found List(sbt.plugins.JvmPlugin, sbt.plugins.BackgroundRunPlugin, sbt.plugins.JUnitXmlReportPlugin)))
Sending msg to client activator-d3ec3538-8402-425e-8093-dbec0673be6e: DetachedLogEvent(LogMessage(debug,  :: sorting:: found: List(sbt.plugins.CorePlugin, sbt.plugins.SerializersPlugin, sbt.plugins.SendEventServicePlugin, sbt.plugins.InteractionServicePlugin, sbt.plugins.IvyPlugin, sbt.plugins.JvmPlugin) not found List(sbt.plugins.BackgroundRunPlugin, sbt.plugins.JUnitXmlReportPlugin)))
Sending msg to client activator-d3ec3538-8402-425e-8093-dbec0673be6e: DetachedLogEvent(LogMessage(debug,  :: sorting:: found: List(sbt.plugins.CorePlugin, sbt.plugins.SerializersPlugin, sbt.plugins.SendEventServicePlugin, sbt.plugins.InteractionServicePlugin, sbt.plugins.IvyPlugin, sbt.plugins.JvmPlugin, sbt.plugins.BackgroundRunPlugin, sbt.plugins.JUnitXmlReportPlugin) not found List()))
Sending msg to client activator-d3ec3538-8402-425e-8093-dbec0673be6e: DetachedLogEvent(LogMessage(debug,  :: sorted deduced result: List(sbt.plugins.CorePlugin, sbt.plugins.SerializersPlugin, sbt.plugins.SendEventServicePlugin, sbt.plugins.InteractionServicePlugin, sbt.plugins.IvyPlugin, sbt.plugins.JvmPlugin, sbt.plugins.BackgroundRunPlugin, sbt.plugins.JUnitXmlReportPlugin)))
Sending msg to client activator-d3ec3538-8402-425e-8093-dbec0673be6e: DetachedLogEvent(LogMessage(debug,[Loading] Done in /Users/maciej/Desktop/IoTWebRouter, returning: (iotwebrouter)))
Sending msg to client activator-d3ec3538-8402-425e-8093-dbec0673be6e: DetachedLogEvent(LogMessage(info,Set current project to play-ws-test (in build file:/Users/maciej/Desktop/IoTWebRouter/)))
Sending msg to client activator-d3ec3538-8402-425e-8093-dbec0673be6e: DetachedLogEvent(LogMessage(info,Reapplying settings...))
Sending msg to client activator-d3ec3538-8402-425e-8093-dbec0673be6e: DetachedLogEvent(LogMessage(info,Set current project to play-ws-test (in build file:/Users/maciej/Desktop/IoTWebRouter/)))
Sending msg to client activator-d3ec3538-8402-425e-8093-dbec0673be6e: DetachedLogEvent(LogMessage(debug,> iflast shell))
Sending msg to client activator-d3ec3538-8402-425e-8093-dbec0673be6e: DetachedLogEvent(LogMessage(debug,> server-send-ready-for-request))
Sending msg to client activator-d3ec3538-8402-425e-8093-dbec0673be6e: BuildLoaded()
Sending msg to client activator-d3ec3538-8402-425e-8093-dbec0673be6e: DetachedLogEvent(LogMessage(debug,> server-handle-next-server-request))
Sending msg to client activator-d3ec3538-8402-425e-8093-dbec0673be6e: (4,ReceivedResponse())
Sending msg to client activator-d3ec3538-8402-425e-8093-dbec0673be6e: BuildStructureChanged(MinimalBuildStructure(Vector(file:/Users/maciej/Desktop/IoTWebRouter/),Vector(BuildData(file:/Users/maciej/Desktop/IoTWebRouter/,Vector(/Users/maciej/Desktop/IoTWebRouter/project/target/scala-2.10/sbt-0.13/classes, /Users/maciej/.ivy2/cache/scala_2.10/sbt_0.13/com.typesafe.play/sbt-plugin/jars/sbt-plugin-2.2.0.jar, /Users/maciej/.ivy2/cache/com.typesafe.play/sbt-link/jars/sbt-link-2.2.0.jar, /Users/maciej/.ivy2/cache/org.javassist/javassist/bundles/javassist-3.18.0-GA.jar, /Users/maciej/.ivy2/cache/com.typesafe.play/play-exceptions/jars/play-exceptions-2.2.0.jar, /Users/maciej/.ivy2/cache/com.typesafe.play/routes-compiler_2.10/jars/routes-compiler_2.10-2.2.0.jar, /Users/maciej/.ivy2/cache/com.github.scala-incubator.io/scala-io-file_2.10/jars/scala-io-file_2.10-0.4.2.jar, /Users/maciej/.ivy2/cache/com.github.scala-incubator.io/scala-io-core_2.10/jars/scala-io-core_2.10-0.4.2.jar, /Users/maciej/.sbt/boot/scala-2.10.4/lib/scala-library.jar, /Users/maciej/.ivy2/cache/com.jsuereth/scala-arm_2.10/jars/scala-arm_2.10-1.3.jar, /Users/maciej/.ivy2/cache/com.typesafe.play/templates-compiler_2.10/jars/templates-compiler_2.10-2.2.0.jar, /Users/maciej/.sbt/boot/scala-2.10.4/lib/scala-compiler.jar, /Users/maciej/.sbt/boot/scala-2.10.4/lib/scala-reflect.jar, /Users/maciej/.ivy2/cache/com.typesafe.play/console_2.10/jars/console_2.10-2.2.0.jar, /Users/maciej/.ivy2/cache/org.scala-sbt/launcher-interface/jars/launcher-interface-0.13.0.jar, /Users/maciej/.ivy2/cache/jline/jline/jars/jline-2.11.jar, /Users/maciej/.ivy2/cache/com.typesafe/config/bundles/config-1.0.2.jar, /Users/maciej/.ivy2/cache/org.mozilla/rhino/jars/rhino-1.7R4.jar, /Users/maciej/.ivy2/cache/com.google.javascript/closure-compiler/jars/closure-compiler-v20130603.jar, /Users/maciej/.ivy2/cache/com.google.guava/guava/bundles/guava-14.0.1.jar, /Users/maciej/.ivy2/cache/org.json/json/jars/json-20090211.jar, /Users/maciej/.ivy2/cache/org.avaje.ebeanorm/avaje-ebeanorm-agent/jars/avaje-ebeanorm-agent-3.2.1.jar, /Users/maciej/.ivy2/cache/com.h2database/h2/jars/h2-1.3.172.jar, /Users/maciej/.ivy2/cache/net.contentobjects.jnotify/jnotify/jars/jnotify-0.94.jar, /Users/maciej/.ivy2/cache/scala_2.10/sbt_0.13/com.typesafe.sbteclipse/sbteclipse-plugin/jars/sbteclipse-plugin-2.3.0.jar, /Users/maciej/.ivy2/cache/scala_2.10/sbt_0.13/com.typesafe.sbteclipse/sbteclipse-core/jars/sbteclipse-core-2.3.0.jar, /Users/maciej/.ivy2/cache/org.scalaz/scalaz-core_2.10/bundles/scalaz-core_2.10-7.0.2.jar, /Users/maciej/.ivy2/cache/org.scalaz/scalaz-effect_2.10/bundles/scalaz-effect_2.10-7.0.2.jar, /Users/maciej/.ivy2/cache/scala_2.10/sbt_0.13/com.github.mpeltonen/sbt-idea/jars/sbt-idea-1.5.1.jar, /Users/maciej/.ivy2/cache/commons-io/commons-io/jars/commons-io-2.0.1.jar, /Users/maciej/.ivy2/cache/scala_2.10/sbt_0.13/com.typesafe.sbt/sbt-native-packager/jars/sbt-native-packager-0.6.2.jar, /Users/maciej/.ivy2/cache/org.apache.commons/commons-compress/jars/commons-compress-1.4.1.jar, /Users/maciej/.ivy2/cache/org.tukaani/xz/jars/xz-1.0.jar, /Users/maciej/.ivy2/cache/org.specs2/specs2_2.10/jars/specs2_2.10-2.1.1.jar, /Users/maciej/.ivy2/cache/org.scalaz/scalaz-concurrent_2.10/bundles/scalaz-concurrent_2.10-7.0.2.jar, /Users/maciej/.ivy2/cache/scala_2.10/sbt_0.13/org.scala-sbt/sbt-core-next/jars/sbt-core-next-0.1.1.jar, /Users/maciej/.ivy2/cache/org.scala-sbt/core-next_2.10/jars/core-next_2.10-0.1.1.jar, /Users/maciej/.ivy2/cache/org.scala-sbt/serialization_2.10/jars/serialization_2.10-0.1.0.jar, /Users/maciej/.ivy2/cache/org.scala-lang.modules/scala-pickling_2.10/jars/scala-pickling_2.10-0.10.0.jar, /Users/maciej/.ivy2/cache/org.scalamacros/quasiquotes_2.10/jars/quasiquotes_2.10-2.0.1.jar, /Users/maciej/.ivy2/cache/org.json4s/json4s-core_2.10/jars/json4s-core_2.10-3.2.10.jar, /Users/maciej/.ivy2/cache/org.json4s/json4s-ast_2.10/jars/json4s-ast_2.10-3.2.10.jar, /Users/maciej/.ivy2/cache/com.thoughtworks.paranamer/paranamer/jars/paranamer-2.6.jar, /Users/maciej/.ivy2/cache/org.spire-math/jawn-parser_2.10/jars/jawn-parser_2.10-0.6.0.jar, /Users/maciej/.ivy2/cache/org.spire-math/json4s-support_2.10/jars/json4s-support_2.10-0.6.0.jar, /Users/maciej/.sbt/boot/scala-2.10.4/com.typesafe.sbtrc/server-0-13/0.3.5/actions-0.13.8.jar, /Users/maciej/.sbt/boot/scala-2.10.4/com.typesafe.sbtrc/server-0-13/0.3.5/api-0.13.8.jar, /Users/maciej/.sbt/boot/scala-2.10.4/com.typesafe.sbtrc/server-0-13/0.3.5/apply-macro-0.13.8.jar, /Users/maciej/.sbt/boot/scala-2.10.4/com.typesafe.sbtrc/server-0-13/0.3.5/cache-0.13.8.jar, /Users/maciej/.sbt/boot/scala-2.10.4/com.typesafe.sbtrc/server-0-13/0.3.5/classfile-0.13.8.jar, /Users/maciej/.sbt/boot/scala-2.10.4/com.typesafe.sbtrc/server-0-13/0.3.5/classpath-0.13.8.jar, /Users/maciej/.sbt/boot/scala-2.10.4/com.typesafe.sbtrc/server-0-13/0.3.5/collections-0.13.8.jar, /Users/maciej/.sbt/boot/scala-2.10.4/com.typesafe.sbtrc/server-0-13/0.3.5/command-0.13.8.jar, /Users/maciej/.sbt/boot/scala-2.10.4/com.typesafe.sbtrc/server-0-13/0.3.5/compile-0.13.8.jar, /Users/maciej/.sbt/boot/scala-2.10.4/com.typesafe.sbtrc/server-0-13/0.3.5/compiler-integration-0.13.8.jar, /Users/maciej/.sbt/boot/scala-2.10.4/com.typesafe.sbtrc/server-0-13/0.3.5/compiler-ivy-integration-0.13.8.jar, /Users/maciej/.sbt/boot/scala-2.10.4/com.typesafe.sbtrc/server-0-13/0.3.5/completion-0.13.8.jar, /Users/maciej/.sbt/boot/scala-2.10.4/com.typesafe.sbtrc/server-0-13/0.3.5/control-0.13.8.jar, /Users/maciej/.sbt/boot/scala-2.10.4/com.typesafe.sbtrc/server-0-13/0.3.5/core-next_2.10-0.1.1.jar, /Users/maciej/.sbt/boot/scala-2.10.4/com.typesafe.sbtrc/server-0-13/0.3.5/cross-0.13.8.jar, /Users/maciej/.sbt/boot/scala-2.10.4/com.typesafe.sbtrc/server-0-13/0.3.5/incremental-compiler-0.13.8.jar, /Users/maciej/.sbt/boot/scala-2.10.4/com.typesafe.sbtrc/server-0-13/0.3.5/io-0.13.8.jar, /Users/maciej/.sbt/boot/scala-2.10.4/com.typesafe.sbtrc/server-0-13/0.3.5/ivy-0.13.8.jar, /Users/maciej/.sbt/boot/scala-2.10.4/com.typesafe.sbtrc/server-0-13/0.3.5/ivy-2.3.0-sbt-fccfbd44c9f64523b61398a0155784dcbaeae28f.jar, /Users/maciej/.sbt/boot/scala-2.10.4/com.typesafe.sbtrc/server-0-13/0.3.5/jawn-parser_2.10-0.6.0.jar, /Users/maciej/.sbt/boot/scala-2.10.4/com.typesafe.sbtrc/server-0-13/0.3.5/jline-2.11.jar, /Users/maciej/.sbt/boot/scala-2.10.4/com.typesafe.sbtrc/server-0-13/0.3.5/jsch-0.1.46.jar, /Users/maciej/.sbt/boot/scala-2.10.4/com.typesafe.sbtrc/server-0-13/0.3.5/json4s-ast_2.10-3.2.10.jar, /Users/maciej/.sbt/boot/scala-2.10.4/com.typesafe.sbtrc/server-0-13/0.3.5/json4s-core_2.10-3.2.10.jar, /Users/maciej/.sbt/boot/scala-2.10.4/com.typesafe.sbtrc/server-0-13/0.3.5/json4s-support_2.10-0.6.0.jar, /Users/maciej/.sbt/boot/scala-2.10.4/com.typesafe.sbtrc/server-0-13/0.3.5/launcher-interface-0.13.8.jar, /Users/maciej/.sbt/boot/scala-2.10.4/com.typesafe.sbtrc/server-0-13/0.3.5/logging-0.13.8.jar, /Users/maciej/.sbt/boot/scala-2.10.4/com.typesafe.sbtrc/server-0-13/0.3.5/logic-0.13.8.jar, /Users/maciej/.sbt/boot/scala-2.10.4/com.typesafe.sbtrc/server-0-13/0.3.5/main-0.13.8.jar, /Users/maciej/.sbt/boot/scala-2.10.4/com.typesafe.sbtrc/server-0-13/0.3.5/main-settings-0.13.8.jar, /Users/maciej/.sbt/boot/scala-2.10.4/com.typesafe.sbtrc/server-0-13/0.3.5/paranamer-2.6.jar, /Users/maciej/.sbt/boot/scala-2.10.4/com.typesafe.sbtrc/server-0-13/0.3.5/persist-0.13.8.jar, /Users/maciej/.sbt/boot/scala-2.10.4/com.typesafe.sbtrc/server-0-13/0.3.5/process-0.13.8.jar, /Users/maciej/.sbt/boot/scala-2.10.4/com.typesafe.sbtrc/server-0-13/0.3.5/quasiquotes_2.10-2.0.1.jar, /Users/maciej/.sbt/boot/scala-2.10.4/com.typesafe.sbtrc/server-0-13/0.3.5/relation-0.13.8.jar, /Users/maciej/.sbt/boot/scala-2.10.4/com.typesafe.sbtrc/server-0-13/0.3.5/run-0.13.8.jar, /Users/maciej/.sbt/boot/scala-2.10.4/com.typesafe.sbtrc/server-0-13/0.3.5/sbinary_2.10-0.4.2.jar, /Users/maciej/.sbt/boot/scala-2.10.4/com.typesafe.sbtrc/server-0-13/0.3.5/sbt-0.13.8.jar, /Users/maciej/.sbt/boot/scala-2.10.4/com.typesafe.sbtrc/server-0-13/0.3.5/scala-pickling_2.10-0.10.0.jar, /Users/maciej/.sbt/boot/scala-2.10.4/com.typesafe.sbtrc/server-0-13/0.3.5/scala-reflect-2.10.4.jar, /Users/maciej/.sbt/boot/scala-2.10.4/com.typesafe.sbtrc/server-0-13/0.3.5/serialization_2.10-0.1.1.jar, /Users/maciej/.sbt/boot/scala-2.10.4/com.typesafe.sbtrc/server-0-13/0.3.5/server-0-13-0.3.5.jar, /Users/maciej/.sbt/boot/scala-2.10.4/com.typesafe.sbtrc/server-0-13/0.3.5/task-system-0.13.8.jar, /Users/maciej/.sbt/boot/scala-2.10.4/com.typesafe.sbtrc/server-0-13/0.3.5/tasks-0.13.8.jar, /Users/maciej/.sbt/boot/scala-2.10.4/com.typesafe.sbtrc/server-0-13/0.3.5/test-agent-0.13.8.jar, /Users/maciej/.sbt/boot/scala-2.10.4/com.typesafe.sbtrc/server-0-13/0.3.5/test-interface-1.0.jar, /Users/maciej/.sbt/boot/scala-2.10.4/com.typesafe.sbtrc/server-0-13/0.3.5/testing-0.13.8.jar, /Users/maciej/.sbt/boot/scala-2.10.4/com.typesafe.sbtrc/server-0-13/0.3.5/tracking-0.13.8.jar, /Users/maciej/.sbt/boot/scala-2.10.4/com.typesafe.sbtrc/server-0-13/0.3.5/xsbti/interface-0.13.8.jar, /Users/maciej/.sbt/boot/scala-2.10.4/lib/jansi.jar, /Users/maciej/.sbt/boot/scala-2.10.4/lib/jline.jar),Vector(import sbt._, Keys._, dsl._, import _root_.play.Project._, _root_.com.typesafe.sbteclipse.plugin.EclipsePlugin._, _root_.org.sbtidea.SbtIdeaPlugin._, _root_.com.typesafe.sbt.SbtNativePackager._, import _root_.sbt.plugins.IvyPlugin, _root_.sbt.plugins.JvmPlugin, _root_.sbt.plugins.CorePlugin, _root_.sbt.plugins.JUnitXmlReportPlugin, _root_.sbt.plugins.BackgroundRunPlugin, _root_.sbt.plugins.InteractionServicePlugin, _root_.sbt.plugins.SendEventServicePlugin, _root_.sbt.plugins.SerializersPlugin))),Vector(MinimalProjectStructure(ProjectReference(file:/Users/maciej/Desktop/IoTWebRouter/,iotwebrouter),Vector(sbt.plugins.CorePlugin, sbt.plugins.SerializersPlugin, sbt.plugins.SendEventServicePlugin, sbt.plugins.InteractionServicePlugin, sbt.plugins.IvyPlugin, sbt.plugins.JvmPlugin, sbt.plugins.BackgroundRunPlugin, sbt.plugins.JUnitXmlReportPlugin),Some(ProjectDependencies(List(),List()))))))
Got request: KeyLookupRequest(discoveredMainClasses)
Reading next message from client.
Got request: KeyLookupRequest(mainClass)
Reading next message from client.
Sending msg to client activator-d3ec3538-8402-425e-8093-dbec0673be6e: (6,KeyLookupResponse(discoveredMainClasses,Vector(AttributeKey[scala.collection.Seq[java.lang.String]]("discoveredMainClasses") in Scope(Build: file:/Users/maciej/Desktop/IoTWebRouter/, , Project: ProjectReference(file:/Users/maciej/Desktop/IoTWebRouter/,iotwebrouter), Config: compile))))
Sending msg to client activator-d3ec3538-8402-425e-8093-dbec0673be6e: (7,KeyLookupResponse(mainClass,Vector(AttributeKey[scala.Option[java.lang.String]]("mainClass") in Scope(Build: file:/Users/maciej/Desktop/IoTWebRouter/, , Project: ProjectReference(file:/Users/maciej/Desktop/IoTWebRouter/,iotwebrouter), Config: compile))))
Got request: ListenToValue(AttributeKey[scala.collection.Seq[java.lang.String]]("discoveredMainClasses") in Scope(Build: file:/Users/maciej/Desktop/IoTWebRouter/, , Project: ProjectReference(file:/Users/maciej/Desktop/IoTWebRouter/,iotwebrouter), Config: compile))
Reading next message from client.
Got request: SendSyntheticValueChanged(AttributeKey[scala.collection.Seq[java.lang.String]]("discoveredMainClasses") in Scope(Build: file:/Users/maciej/Desktop/IoTWebRouter/, , Project: ProjectReference(file:/Users/maciej/Desktop/IoTWebRouter/,iotwebrouter), Config: compile))
Reading next message from client.
Got request: ListenToValue(AttributeKey[scala.Option[java.lang.String]]("mainClass") in Scope(Build: file:/Users/maciej/Desktop/IoTWebRouter/, , Project: ProjectReference(file:/Users/maciej/Desktop/IoTWebRouter/,iotwebrouter), Config: compile))
Reading next message from client.
Got request: SendSyntheticValueChanged(AttributeKey[scala.Option[java.lang.String]]("mainClass") in Scope(Build: file:/Users/maciej/Desktop/IoTWebRouter/, , Project: ProjectReference(file:/Users/maciej/Desktop/IoTWebRouter/,iotwebrouter), Config: compile))
Reading next message from client.
Sending msg to client activator-d3ec3538-8402-425e-8093-dbec0673be6e: (8,KeyLookupResponse(discoveredMainClasses,Vector(AttributeKey[scala.collection.Seq[java.lang.String]]("discoveredMainClasses") in Scope(Build: file:/Users/maciej/Desktop/IoTWebRouter/, , Project: ProjectReference(file:/Users/maciej/Desktop/IoTWebRouter/,iotwebrouter), Config: compile))))
Sending msg to client activator-d3ec3538-8402-425e-8093-dbec0673be6e: (9,KeyLookupResponse(mainClass,Vector(AttributeKey[scala.Option[java.lang.String]]("mainClass") in Scope(Build: file:/Users/maciej/Desktop/IoTWebRouter/, , Project: ProjectReference(file:/Users/maciej/Desktop/IoTWebRouter/,iotwebrouter), Config: compile))))
Sending msg to client activator-d3ec3538-8402-425e-8093-dbec0673be6e: (10,ReceivedResponse())
Sending msg to client activator-d3ec3538-8402-425e-8093-dbec0673be6e: ExecutionWaiting(1,{file:/Users/maciej/Desktop/IoTWebRouter/}iotwebrouter/compile:discoveredMainClasses,ClientInfo(d3ec3538-8402-425e-8093-dbec0673be6e,activator,Activator,3,Vector()))
Sending msg to client activator-d3ec3538-8402-425e-8093-dbec0673be6e: (11,ReceivedResponse())
Sending msg to client activator-d3ec3538-8402-425e-8093-dbec0673be6e: ExecutionStarting(1)
Sending msg to client activator-d3ec3538-8402-425e-8093-dbec0673be6e: (12,ReceivedResponse())
Sending msg to client activator-d3ec3538-8402-425e-8093-dbec0673be6e: ExecutionWaiting(2,{file:/Users/maciej/Desktop/IoTWebRouter/}iotwebrouter/compile:mainClass,ClientInfo(d3ec3538-8402-425e-8093-dbec0673be6e,activator,Activator,3,Vector()))
Sending msg to client activator-d3ec3538-8402-425e-8093-dbec0673be6e: (13,ReceivedResponse())
Sending msg to client activator-d3ec3538-8402-425e-8093-dbec0673be6e: DetachedLogEvent(LogMessage(debug,> {file:/Users/maciej/Desktop/IoTWebRouter/}iotwebrouter/compile:discoveredMainClasses))
Sending msg to client activator-d3ec3538-8402-425e-8093-dbec0673be6e: DetachedLogEvent(LogMessage(debug,Evaluating tasks: compile:discoveredMainClasses))
Sending msg to client activator-d3ec3538-8402-425e-8093-dbec0673be6e: DetachedLogEvent(LogMessage(debug,Running task... Cancel: sbt.server.ServerTaskCancellation@40ac566, check cycles: false))
Sending msg to client activator-d3ec3538-8402-425e-8093-dbec0673be6e: DetachedLogEvent(LogMessage(debug,cancel strategy start enabled=true lastCommand=Some(LastCommand(CommandExecutionWork(ExecutionId(1),{file:/Users/maciej/Desktop/IoTWebRouter/}iotwebrouter/compile:discoveredMainClasses,Set(LiveClient(activator d3ec3538-8402-425e-8093-dbec0673be6e)),sbt.server.WorkCancellationStatus$$anon$1@7e94475d)))))
Sending msg to client activator-d3ec3538-8402-425e-8093-dbec0673be6e: TaskStarted(1,7,None)
Sending msg to client activator-d3ec3538-8402-425e-8093-dbec0673be6e: TaskStarted(1,16,Some(AttributeKey[boolean]("skip") in Scope(Global)))
Sending msg to client activator-d3ec3538-8402-425e-8093-dbec0673be6e: TaskStarted(1,17,None)
Sending msg to client activator-d3ec3538-8402-425e-8093-dbec0673be6e: TaskStarted(1,19,None)
Sending msg to client activator-d3ec3538-8402-425e-8093-dbec0673be6e: TaskStarted(1,20,None)
Sending msg to client activator-d3ec3538-8402-425e-8093-dbec0673be6e: TaskStarted(1,21,None)
Sending msg to client activator-d3ec3538-8402-425e-8093-dbec0673be6e: TaskStarted(1,32,Some(AttributeKey[scala.Option[scala.collection.Seq[sbt.Resolver]]]("bootResolvers") in Scope(Build: file:/Users/maciej/Desktop/IoTWebRouter/, , Project: ProjectReference(file:/Users/maciej/Desktop/IoTWebRouter/,iotwebrouter))))
Sending msg to client activator-d3ec3538-8402-425e-8093-dbec0673be6e: TaskStarted(1,33,Some(AttributeKey[scala.collection.Seq[sbt.Resolver]]("externalResolvers") in Scope(Build: file:/Users/maciej/Desktop/IoTWebRouter/, , Project: ProjectReference(file:/Users/maciej/Desktop/IoTWebRouter/,iotwebrouter))))
Sending msg to client activator-d3ec3538-8402-425e-8093-dbec0673be6e: TaskStarted(1,38,Some(AttributeKey[scala.collection.Seq[sbt.Credentials]]("credentials") in Scope(Global)))
Sending msg to client activator-d3ec3538-8402-425e-8093-dbec0673be6e: TaskStarted(1,40,None)
Sending msg to client activator-d3ec3538-8402-425e-8093-dbec0673be6e: TaskStarted(1,43,Some(AttributeKey[java.lang.String]("updateCacheName") in Scope(Build: file:/Users/maciej/Desktop/IoTWebRouter/, , Project: ProjectReference(file:/Users/maciej/Desktop/IoTWebRouter/,iotwebrouter))))
Sending msg to client activator-d3ec3538-8402-425e-8093-dbec0673be6e: TaskStarted(1,46,None)
Sending msg to client activator-d3ec3538-8402-425e-8093-dbec0673be6e: TaskStarted(1,62,Some(AttributeKey[scala.Function1[java.io.File,scala.Function1[java.lang.String,boolean]]]("definesClass") in Scope(Global)))
Sending msg to client activator-d3ec3538-8402-425e-8093-dbec0673be6e: TaskStarted(1,64,Some(AttributeKey[sbt.inc.IncOptions]("incOptions") in Scope(Global)))
Sending msg to client activator-d3ec3538-8402-425e-8093-dbec0673be6e: TaskStarted(1,65,Some(AttributeKey[java.lang.String]("compileAnalysisFilename") in Scope(Build: file:/Users/maciej/Desktop/IoTWebRouter/, , Project: ProjectReference(file:/Users/maciej/Desktop/IoTWebRouter/,iotwebrouter), Config: compile)))
Sending msg to client activator-d3ec3538-8402-425e-8093-dbec0673be6e: TaskStarted(1,75,Some(AttributeKey[scala.collection.Seq[java.io.File]]("unmanagedSources") in Scope(Build: file:/Users/maciej/Desktop/IoTWebRouter/, , Project: ProjectReference(file:/Users/maciej/Desktop/IoTWebRouter/,iotwebrouter), Config: compile)))
Sending msg to client activator-d3ec3538-8402-425e-8093-dbec0673be6e: TaskStarted(1,79,None)
Sending msg to client activator-d3ec3538-8402-425e-8093-dbec0673be6e: TaskStarted(1,80,Some(AttributeKey[scala.collection.Seq[java.lang.String]]("scalacOptions") in Scope(Global)))
Sending msg to client activator-d3ec3538-8402-425e-8093-dbec0673be6e: TaskStarted(1,82,None)
Sending msg to client activator-d3ec3538-8402-425e-8093-dbec0673be6e: TaskStarted(1,83,Some(AttributeKey[scala.collection.Seq[java.lang.String]]("javacOptions") in Scope(Global)))
Sending msg to client activator-d3ec3538-8402-425e-8093-dbec0673be6e: TaskStarted(1,87,None)
Sending msg to client activator-d3ec3538-8402-425e-8093-dbec0673be6e: TaskStarted(1,89,Some(AttributeKey[scala.collection.Seq[scala.Function1[xsbti.Position,scala.Option[xsbti.Position]]]]("sourcePositionMappers") in Scope(Global)))
Sending msg to client activator-d3ec3538-8402-425e-8093-dbec0673be6e: TaskStarted(1,90,None)
Sending msg to client activator-d3ec3538-8402-425e-8093-dbec0673be6e: TaskStarted(1,93,Some(AttributeKey[sbt.SendEventService]("sendEventService") in Scope(Global)))
Sending msg to client activator-d3ec3538-8402-425e-8093-dbec0673be6e: TaskFinished(1,7,None,true,None)
Sending msg to client activator-d3ec3538-8402-425e-8093-dbec0673be6e: TaskStarted(1,6,None)
Sending msg to client activator-d3ec3538-8402-425e-8093-dbec0673be6e: TaskStarted(1,10,None)
Sending msg to client activator-d3ec3538-8402-425e-8093-dbec0673be6e: TaskStarted(1,14,None)
Sending msg to client activator-d3ec3538-8402-425e-8093-dbec0673be6e: TaskStarted(1,30,None)
Sending msg to client activator-d3ec3538-8402-425e-8093-dbec0673be6e: TaskStarted(1,36,None)
Sending msg to client activator-d3ec3538-8402-425e-8093-dbec0673be6e: TaskStarted(1,37,None)
Sending msg to client activator-d3ec3538-8402-425e-8093-dbec0673be6e: TaskStarted(1,44,None)
Sending msg to client activator-d3ec3538-8402-425e-8093-dbec0673be6e: TaskStarted(1,51,None)
Sending msg to client activator-d3ec3538-8402-425e-8093-dbec0673be6e: TaskStarted(1,54,None)
Sending msg to client activator-d3ec3538-8402-425e-8093-dbec0673be6e: TaskStarted(1,55,None)
Sending msg to client activator-d3ec3538-8402-425e-8093-dbec0673be6e: TaskStarted(1,66,None)
Sending msg to client activator-d3ec3538-8402-425e-8093-dbec0673be6e: TaskStarted(1,67,None)
Sending msg to client activator-d3ec3538-8402-425e-8093-dbec0673be6e: TaskStarted(1,85,None)
Sending msg to client activator-d3ec3538-8402-425e-8093-dbec0673be6e: TaskStarted(1,91,None)
Sending msg to client activator-d3ec3538-8402-425e-8093-dbec0673be6e: TaskStarted(1,94,None)
Sending msg to client activator-d3ec3538-8402-425e-8093-dbec0673be6e: TaskFinished(1,16,Some(AttributeKey[boolean]("skip") in Scope(Global)),true,None)
Sending msg to client activator-d3ec3538-8402-425e-8093-dbec0673be6e: TaskFinished(1,17,None,true,None)
Sending msg to client activator-d3ec3538-8402-425e-8093-dbec0673be6e: TaskFinished(1,19,None,true,None)
Sending msg to client activator-d3ec3538-8402-425e-8093-dbec0673be6e: TaskFinished(1,20,None,true,None)
Sending msg to client activator-d3ec3538-8402-425e-8093-dbec0673be6e: TaskStarted(1,18,Some(AttributeKey[scala.collection.Seq[sbt.UpdateReport]]("transitiveUpdate") in Scope(Build: file:/Users/maciej/Desktop/IoTWebRouter/, , Project: ProjectReference(file:/Users/maciej/Desktop/IoTWebRouter/,iotwebrouter))))
Sending msg to client activator-d3ec3538-8402-425e-8093-dbec0673be6e: TaskFinished(1,21,None,true,None)
Sending msg to client activator-d3ec3538-8402-425e-8093-dbec0673be6e: TaskStarted(1,27,Some(AttributeKey[sbt.BuildStructure]("buildStructure") in Scope(Global)))
Sending msg to client activator-d3ec3538-8402-425e-8093-dbec0673be6e: TaskStarted(1,45,Some(AttributeKey[java.io.File]("dependencyCacheDirectory") in Scope(Build: file:/Users/maciej/Desktop/IoTWebRouter/, , Project: ProjectReference(file:/Users/maciej/Desktop/IoTWebRouter/,iotwebrouter))))
Sending msg to client activator-d3ec3538-8402-425e-8093-dbec0673be6e: TaskStarted(1,61,Some(AttributeKey[xsbti.compile.GlobalsCache]("compilerCache") in Scope(Global)))
Sending msg to client activator-d3ec3538-8402-425e-8093-dbec0673be6e: TaskStarted(1,72,None)
Sending msg to client activator-d3ec3538-8402-425e-8093-dbec0673be6e: TaskStarted(1,73,None)
Sending msg to client activator-d3ec3538-8402-425e-8093-dbec0673be6e: TaskFinished(1,32,Some(AttributeKey[scala.Option[scala.collection.Seq[sbt.Resolver]]]("bootResolvers") in Scope(Build: file:/Users/maciej/Desktop/IoTWebRouter/, , Project: ProjectReference(file:/Users/maciej/Desktop/IoTWebRouter/,iotwebrouter))),true,None)
Sending msg to client activator-d3ec3538-8402-425e-8093-dbec0673be6e: TaskFinished(1,33,Some(AttributeKey[scala.collection.Seq[sbt.Resolver]]("externalResolvers") in Scope(Build: file:/Users/maciej/Desktop/IoTWebRouter/, , Project: ProjectReference(file:/Users/maciej/Desktop/IoTWebRouter/,iotwebrouter))),true,None)
Sending msg to client activator-d3ec3538-8402-425e-8093-dbec0673be6e: TaskFinished(1,38,Some(AttributeKey[scala.collection.Seq[sbt.Credentials]]("credentials") in Scope(Global)),true,None)
Sending msg to client activator-d3ec3538-8402-425e-8093-dbec0673be6e: TaskFinished(1,40,None,true,None)
Sending msg to client activator-d3ec3538-8402-425e-8093-dbec0673be6e: TaskFinished(1,43,Some(AttributeKey[java.lang.String]("updateCacheName") in Scope(Build: file:/Users/maciej/Desktop/IoTWebRouter/, , Project: ProjectReference(file:/Users/maciej/Desktop/IoTWebRouter/,iotwebrouter))),true,None)
Sending msg to client activator-d3ec3538-8402-425e-8093-dbec0673be6e: TaskFinished(1,46,None,true,None)
Sending msg to client activator-d3ec3538-8402-425e-8093-dbec0673be6e: TaskFinished(1,62,Some(AttributeKey[scala.Function1[java.io.File,scala.Function1[java.lang.String,boolean]]]("definesClass") in Scope(Global)),true,None)
Sending msg to client activator-d3ec3538-8402-425e-8093-dbec0673be6e: TaskFinished(1,64,Some(AttributeKey[sbt.inc.IncOptions]("incOptions") in Scope(Global)),true,None)
Sending msg to client activator-d3ec3538-8402-425e-8093-dbec0673be6e: TaskStarted(1,63,Some(AttributeKey[sbt.inc.IncOptions]("incOptions") in Scope(Build: file:/Users/maciej/Desktop/IoTWebRouter/, , Project: ProjectReference(file:/Users/maciej/Desktop/IoTWebRouter/,iotwebrouter))))
Sending msg to client activator-d3ec3538-8402-425e-8093-dbec0673be6e: TaskFinished(1,65,Some(AttributeKey[java.lang.String]("compileAnalysisFilename") in Scope(Build: file:/Users/maciej/Desktop/IoTWebRouter/, , Project: ProjectReference(file:/Users/maciej/Desktop/IoTWebRouter/,iotwebrouter), Config: compile)),true,None)
Sending msg to client activator-d3ec3538-8402-425e-8093-dbec0673be6e: TaskFinished(1,75,Some(AttributeKey[scala.collection.Seq[java.io.File]]("unmanagedSources") in Scope(Build: file:/Users/maciej/Desktop/IoTWebRouter/, , Project: ProjectReference(file:/Users/maciej/Desktop/IoTWebRouter/,iotwebrouter), Config: compile)),true,None)
Sending msg to client activator-d3ec3538-8402-425e-8093-dbec0673be6e: TaskStarted(1,74,Some(AttributeKey[scala.collection.Seq[java.io.File]]("unmanagedSources") in Scope(Build: file:/Users/maciej/Desktop/IoTWebRouter/, , Project: ProjectReference(file:/Users/maciej/Desktop/IoTWebRouter/,iotwebrouter), Config: compile)))
Sending msg to client activator-d3ec3538-8402-425e-8093-dbec0673be6e: TaskFinished(1,79,None,true,None)
Sending msg to client activator-d3ec3538-8402-425e-8093-dbec0673be6e: TaskFinished(1,80,Some(AttributeKey[scala.collection.Seq[java.lang.String]]("scalacOptions") in Scope(Global)),true,None)
Sending msg to client activator-d3ec3538-8402-425e-8093-dbec0673be6e: TaskStarted(1,78,Some(AttributeKey[scala.collection.Seq[java.lang.String]]("scalacOptions") in Scope(Build: file:/Users/maciej/Desktop/IoTWebRouter/, , Project: ProjectReference(file:/Users/maciej/Desktop/IoTWebRouter/,iotwebrouter))))
Sending msg to client activator-d3ec3538-8402-425e-8093-dbec0673be6e: TaskFinished(1,82,None,true,None)
Sending msg to client activator-d3ec3538-8402-425e-8093-dbec0673be6e: TaskFinished(1,83,Some(AttributeKey[scala.collection.Seq[java.lang.String]]("javacOptions") in Scope(Global)),true,None)
Sending msg to client activator-d3ec3538-8402-425e-8093-dbec0673be6e: TaskStarted(1,81,Some(AttributeKey[scala.collection.Seq[java.lang.String]]("javacOptions") in Scope(Build: file:/Users/maciej/Desktop/IoTWebRouter/, , Project: ProjectReference(file:/Users/maciej/Desktop/IoTWebRouter/,iotwebrouter), Config: compile)))
Sending msg to client activator-d3ec3538-8402-425e-8093-dbec0673be6e: TaskFinished(1,87,None,true,None)
Sending msg to client activator-d3ec3538-8402-425e-8093-dbec0673be6e: TaskFinished(1,89,Some(AttributeKey[scala.collection.Seq[scala.Function1[xsbti.Position,scala.Option[xsbti.Position]]]]("sourcePositionMappers") in Scope(Global)),true,None)
Sending msg to client activator-d3ec3538-8402-425e-8093-dbec0673be6e: TaskFinished(1,90,None,true,None)
Sending msg to client activator-d3ec3538-8402-425e-8093-dbec0673be6e: TaskStarted(1,88,Some(AttributeKey[scala.collection.Seq[scala.Function1[xsbti.Position,scala.Option[xsbti.Position]]]]("sourcePositionMappers") in Scope(Build: file:/Users/maciej/Desktop/IoTWebRouter/, , Project: ProjectReference(file:/Users/maciej/Desktop/IoTWebRouter/,iotwebrouter))))
Sending msg to client activator-d3ec3538-8402-425e-8093-dbec0673be6e: TaskFinished(1,93,Some(AttributeKey[sbt.SendEventService]("sendEventService") in Scope(Global)),true,None)
Sending msg to client activator-d3ec3538-8402-425e-8093-dbec0673be6e: TaskFinished(1,6,None,true,None)
Sending msg to client activator-d3ec3538-8402-425e-8093-dbec0673be6e: TaskFinished(1,10,None,true,None)
Sending msg to client activator-d3ec3538-8402-425e-8093-dbec0673be6e: TaskFinished(1,14,None,true,None)
Sending msg to client activator-d3ec3538-8402-425e-8093-dbec0673be6e: TaskFinished(1,30,None,true,None)
Sending msg to client activator-d3ec3538-8402-425e-8093-dbec0673be6e: TaskFinished(1,36,None,true,None)
Sending msg to client activator-d3ec3538-8402-425e-8093-dbec0673be6e: TaskFinished(1,37,None,true,None)
Sending msg to client activator-d3ec3538-8402-425e-8093-dbec0673be6e: TaskFinished(1,44,None,true,None)
Sending msg to client activator-d3ec3538-8402-425e-8093-dbec0673be6e: TaskStarted(1,42,Some(AttributeKey[scala.collection.immutable.Map[sbt.ModuleID,sbt.SourcePosition]]("dependencyPositions") in Scope(Build: file:/Users/maciej/Desktop/IoTWebRouter/, , Project: ProjectReference(file:/Users/maciej/Desktop/IoTWebRouter/,iotwebrouter))))
Sending msg to client activator-d3ec3538-8402-425e-8093-dbec0673be6e: TaskFinished(1,51,None,true,None)
Sending msg to client activator-d3ec3538-8402-425e-8093-dbec0673be6e: TaskFinished(1,54,None,true,None)
Sending msg to client activator-d3ec3538-8402-425e-8093-dbec0673be6e: TaskFinished(1,55,None,true,None)
Sending msg to client activator-d3ec3538-8402-425e-8093-dbec0673be6e: TaskFinished(1,66,None,true,None)
Sending msg to client activator-d3ec3538-8402-425e-8093-dbec0673be6e: TaskFinished(1,67,None,true,None)
Sending msg to client activator-d3ec3538-8402-425e-8093-dbec0673be6e: TaskFinished(1,85,None,true,None)
Sending msg to client activator-d3ec3538-8402-425e-8093-dbec0673be6e: TaskFinished(1,91,None,true,None)
Sending msg to client activator-d3ec3538-8402-425e-8093-dbec0673be6e: TaskFinished(1,94,None,true,None)
Sending msg to client activator-d3ec3538-8402-425e-8093-dbec0673be6e: TaskFinished(1,18,Some(AttributeKey[scala.collection.Seq[sbt.UpdateReport]]("transitiveUpdate") in Scope(Build: file:/Users/maciej/Desktop/IoTWebRouter/, , Project: ProjectReference(file:/Users/maciej/Desktop/IoTWebRouter/,iotwebrouter))),true,None)
Sending msg to client activator-d3ec3538-8402-425e-8093-dbec0673be6e: TaskFinished(1,27,Some(AttributeKey[sbt.BuildStructure]("buildStructure") in Scope(Global)),true,None)
Sending msg to client activator-d3ec3538-8402-425e-8093-dbec0673be6e: TaskStarted(1,26,Some(AttributeKey[sbt.Settings[sbt.Scope]]("settingsData") in Scope(Global)))
Sending msg to client activator-d3ec3538-8402-425e-8093-dbec0673be6e: TaskFinished(1,45,Some(AttributeKey[java.io.File]("dependencyCacheDirectory") in Scope(Build: file:/Users/maciej/Desktop/IoTWebRouter/, , Project: ProjectReference(file:/Users/maciej/Desktop/IoTWebRouter/,iotwebrouter))),true,None)
Sending msg to client activator-d3ec3538-8402-425e-8093-dbec0673be6e: TaskFinished(1,61,Some(AttributeKey[xsbti.compile.GlobalsCache]("compilerCache") in Scope(Global)),true,None)
Sending msg to client activator-d3ec3538-8402-425e-8093-dbec0673be6e: TaskFinished(1,63,Some(AttributeKey[sbt.inc.IncOptions]("incOptions") in Scope(Build: file:/Users/maciej/Desktop/IoTWebRouter/, , Project: ProjectReference(file:/Users/maciej/Desktop/IoTWebRouter/,iotwebrouter))),true,None)
Sending msg to client activator-d3ec3538-8402-425e-8093-dbec0673be6e: TaskFinished(1,74,Some(AttributeKey[scala.collection.Seq[java.io.File]]("unmanagedSources") in Scope(Build: file:/Users/maciej/Desktop/IoTWebRouter/, , Project: ProjectReference(file:/Users/maciej/Desktop/IoTWebRouter/,iotwebrouter), Config: compile)),true,None)
Sending msg to client activator-d3ec3538-8402-425e-8093-dbec0673be6e: TaskFinished(1,78,Some(AttributeKey[scala.collection.Seq[java.lang.String]]("scalacOptions") in Scope(Build: file:/Users/maciej/Desktop/IoTWebRouter/, , Project: ProjectReference(file:/Users/maciej/Desktop/IoTWebRouter/,iotwebrouter))),true,None)
Sending msg to client activator-d3ec3538-8402-425e-8093-dbec0673be6e: TaskFinished(1,81,Some(AttributeKey[scala.collection.Seq[java.lang.String]]("javacOptions") in Scope(Build: file:/Users/maciej/Desktop/IoTWebRouter/, , Project: ProjectReference(file:/Users/maciej/Desktop/IoTWebRouter/,iotwebrouter), Config: compile)),true,None)
Sending msg to client activator-d3ec3538-8402-425e-8093-dbec0673be6e: TaskFinished(1,88,Some(AttributeKey[scala.collection.Seq[scala.Function1[xsbti.Position,scala.Option[xsbti.Position]]]]("sourcePositionMappers") in Scope(Build: file:/Users/maciej/Desktop/IoTWebRouter/, , Project: ProjectReference(file:/Users/maciej/Desktop/IoTWebRouter/,iotwebrouter))),true,None)
Sending msg to client activator-d3ec3538-8402-425e-8093-dbec0673be6e: TaskFinished(1,42,Some(AttributeKey[scala.collection.immutable.Map[sbt.ModuleID,sbt.SourcePosition]]("dependencyPositions") in Scope(Build: file:/Users/maciej/Desktop/IoTWebRouter/, , Project: ProjectReference(file:/Users/maciej/Desktop/IoTWebRouter/,iotwebrouter))),true,None)
Sending msg to client activator-d3ec3538-8402-425e-8093-dbec0673be6e: TaskStarted(1,41,Some(AttributeKey[sbt.UnresolvedWarningConfiguration]("unresolvedWarningConfiguration") in Scope(Build: file:/Users/maciej/Desktop/IoTWebRouter/, , Project: ProjectReference(file:/Users/maciej/Desktop/IoTWebRouter/,iotwebrouter), Task: AttributeKey[sbt.UpdateReport]("update"))))
Sending msg to client activator-d3ec3538-8402-425e-8093-dbec0673be6e: TaskFinished(1,26,Some(AttributeKey[sbt.Settings[sbt.Scope]]("settingsData") in Scope(Global)),true,None)
Sending msg to client activator-d3ec3538-8402-425e-8093-dbec0673be6e: TaskStarted(1,25,Some(AttributeKey[scala.collection.Seq[sbt.ModuleID]]("projectDependencies") in Scope(Build: file:/Users/maciej/Desktop/IoTWebRouter/, , Project: ProjectReference(file:/Users/maciej/Desktop/IoTWebRouter/,iotwebrouter))))
Sending msg to client activator-d3ec3538-8402-425e-8093-dbec0673be6e: TaskStarted(1,35,Some(AttributeKey[scala.collection.immutable.Map[org.apache.ivy.core.module.id.ModuleRevisionId,org.apache.ivy.core.module.descriptor.ModuleDescriptor]]("projectDescriptors") in Scope(Build: file:/Users/maciej/Desktop/IoTWebRouter/, , Project: ProjectReference(file:/Users/maciej/Desktop/IoTWebRouter/,iotwebrouter))))
Sending msg to client activator-d3ec3538-8402-425e-8093-dbec0673be6e: TaskStarted(1,39,None)
Sending msg to client activator-d3ec3538-8402-425e-8093-dbec0673be6e: TaskStarted(1,53,None)
Sending msg to client activator-d3ec3538-8402-425e-8093-dbec0673be6e: TaskStarted(1,77,None)
Sending msg to client activator-d3ec3538-8402-425e-8093-dbec0673be6e: TaskStarted(1,86,Some(AttributeKey[sbt.ScalaInstance]("scalaInstance") in Scope(Build: file:/Users/maciej/Desktop/IoTWebRouter/, , Project: ProjectReference(file:/Users/maciej/Desktop/IoTWebRouter/,iotwebrouter))))
Sending msg to client activator-d3ec3538-8402-425e-8093-dbec0673be6e: TaskFinished(1,41,Some(AttributeKey[sbt.UnresolvedWarningConfiguration]("unresolvedWarningConfiguration") in Scope(Build: file:/Users/maciej/Desktop/IoTWebRouter/, , Project: ProjectReference(file:/Users/maciej/Desktop/IoTWebRouter/,iotwebrouter), Task: AttributeKey[sbt.UpdateReport]("update"))),true,None)
Sending msg to client activator-d3ec3538-8402-425e-8093-dbec0673be6e: TaskFinished(1,25,Some(AttributeKey[scala.collection.Seq[sbt.ModuleID]]("projectDependencies") in Scope(Build: file:/Users/maciej/Desktop/IoTWebRouter/, , Project: ProjectReference(file:/Users/maciej/Desktop/IoTWebRouter/,iotwebrouter))),true,None)
Sending msg to client activator-d3ec3538-8402-425e-8093-dbec0673be6e: TaskStarted(1,24,Some(AttributeKey[scala.collection.Seq[sbt.ModuleID]]("allDependencies") in Scope(Build: file:/Users/maciej/Desktop/IoTWebRouter/, , Project: ProjectReference(file:/Users/maciej/Desktop/IoTWebRouter/,iotwebrouter))))
Sending msg to client activator-d3ec3538-8402-425e-8093-dbec0673be6e: TaskStarted(1,96,None)
Sending msg to client activator-d3ec3538-8402-425e-8093-dbec0673be6e: TaskStarted(1,97,None)
Sending msg to client activator-d3ec3538-8402-425e-8093-dbec0673be6e: TaskStarted(1,102,None)
Sending msg to client activator-d3ec3538-8402-425e-8093-dbec0673be6e: TaskStarted(1,103,None)
Sending msg to client activator-d3ec3538-8402-425e-8093-dbec0673be6e: TaskStarted(1,105,None)
Sending msg to client activator-d3ec3538-8402-425e-8093-dbec0673be6e: TaskStarted(1,107,None)
Sending msg to client activator-d3ec3538-8402-425e-8093-dbec0673be6e: TaskFinished(1,73,None,true,None)
Sending msg to client activator-d3ec3538-8402-425e-8093-dbec0673be6e: TaskFinished(1,24,Some(AttributeKey[scala.collection.Seq[sbt.ModuleID]]("allDependencies") in Scope(Build: file:/Users/maciej/Desktop/IoTWebRouter/, , Project: ProjectReference(file:/Users/maciej/Desktop/IoTWebRouter/,iotwebrouter))),true,None)
Sending msg to client activator-d3ec3538-8402-425e-8093-dbec0673be6e: TaskStarted(1,23,Some(AttributeKey[sbt.ModuleSettings]("moduleSettings") in Scope(Build: file:/Users/maciej/Desktop/IoTWebRouter/, , Project: ProjectReference(file:/Users/maciej/Desktop/IoTWebRouter/,iotwebrouter))))
Sending msg to client activator-d3ec3538-8402-425e-8093-dbec0673be6e: TaskFinished(1,96,None,true,None)
Sending msg to client activator-d3ec3538-8402-425e-8093-dbec0673be6e: TaskStarted(1,95,None)
Sending msg to client activator-d3ec3538-8402-425e-8093-dbec0673be6e: TaskFinished(1,97,None,true,None)
Sending msg to client activator-d3ec3538-8402-425e-8093-dbec0673be6e: TaskFinished(1,39,None,true,None)
Sending msg to client activator-d3ec3538-8402-425e-8093-dbec0673be6e: TaskFinished(1,102,None,true,None)
Sending msg to client activator-d3ec3538-8402-425e-8093-dbec0673be6e: TaskFinished(1,103,None,true,None)
Sending msg to client activator-d3ec3538-8402-425e-8093-dbec0673be6e: TaskStarted(1,101,Some(AttributeKey[scala.collection.Seq[sbt.Attributed[java.io.File]]]("unmanagedJars") in Scope(Build: file:/Users/maciej/Desktop/IoTWebRouter/, , Project: ProjectReference(file:/Users/maciej/Desktop/IoTWebRouter/,iotwebrouter), Config: compile)))
Sending msg to client activator-d3ec3538-8402-425e-8093-dbec0673be6e: TaskFinished(1,105,None,true,None)
Sending msg to client activator-d3ec3538-8402-425e-8093-dbec0673be6e: TaskStarted(1,104,None)
Sending msg to client activator-d3ec3538-8402-425e-8093-dbec0673be6e: TaskFinished(1,107,None,true,None)
Sending msg to client activator-d3ec3538-8402-425e-8093-dbec0673be6e: TaskStarted(1,106,None)
Sending msg to client activator-d3ec3538-8402-425e-8093-dbec0673be6e: TaskFinished(1,23,Some(AttributeKey[sbt.ModuleSettings]("moduleSettings") in Scope(Build: file:/Users/maciej/Desktop/IoTWebRouter/, , Project: ProjectReference(file:/Users/maciej/Desktop/IoTWebRouter/,iotwebrouter))),true,None)
Sending msg to client activator-d3ec3538-8402-425e-8093-dbec0673be6e: TaskFinished(1,95,None,true,None)
Sending msg to client activator-d3ec3538-8402-425e-8093-dbec0673be6e: TaskFinished(1,35,Some(AttributeKey[scala.collection.immutable.Map[org.apache.ivy.core.module.id.ModuleRevisionId,org.apache.ivy.core.module.descriptor.ModuleDescriptor]]("projectDescriptors") in Scope(Build: file:/Users/maciej/Desktop/IoTWebRouter/, , Project: ProjectReference(file:/Users/maciej/Desktop/IoTWebRouter/,iotwebrouter))),true,None)
Sending msg to client activator-d3ec3538-8402-425e-8093-dbec0673be6e: TaskStarted(1,34,Some(AttributeKey[sbt.Resolver]("projectResolver") in Scope(Build: file:/Users/maciej/Desktop/IoTWebRouter/, , Project: ProjectReference(file:/Users/maciej/Desktop/IoTWebRouter/,iotwebrouter))))
Sending msg to client activator-d3ec3538-8402-425e-8093-dbec0673be6e: TaskFinished(1,101,Some(AttributeKey[scala.collection.Seq[sbt.Attributed[java.io.File]]]("unmanagedJars") in Scope(Build: file:/Users/maciej/Desktop/IoTWebRouter/, , Project: ProjectReference(file:/Users/maciej/Desktop/IoTWebRouter/,iotwebrouter), Config: compile)),true,None)
Sending msg to client activator-d3ec3538-8402-425e-8093-dbec0673be6e: TaskStarted(1,109,None)
Sending msg to client activator-d3ec3538-8402-425e-8093-dbec0673be6e: TaskFinished(1,106,None,true,None)
Sending msg to client activator-d3ec3538-8402-425e-8093-dbec0673be6e: TaskFinished(1,77,None,true,None)
Sending msg to client activator-d3ec3538-8402-425e-8093-dbec0673be6e: TaskFinished(1,72,None,true,None)
Sending msg to client activator-d3ec3538-8402-425e-8093-dbec0673be6e: TaskStarted(1,71,None)
Sending msg to client activator-d3ec3538-8402-425e-8093-dbec0673be6e: TaskFinished(1,34,Some(AttributeKey[sbt.Resolver]("projectResolver") in Scope(Build: file:/Users/maciej/Desktop/IoTWebRouter/, , Project: ProjectReference(file:/Users/maciej/Desktop/IoTWebRouter/,iotwebrouter))),true,None)
Sending msg to client activator-d3ec3538-8402-425e-8093-dbec0673be6e: TaskStarted(1,31,Some(AttributeKey[scala.collection.Seq[sbt.Resolver]]("fullResolvers") in Scope(Build: file:/Users/maciej/Desktop/IoTWebRouter/, , Project: ProjectReference(file:/Users/maciej/Desktop/IoTWebRouter/,iotwebrouter))))
Sending msg to client activator-d3ec3538-8402-425e-8093-dbec0673be6e: TaskFinished(1,109,None,true,None)
Sending msg to client activator-d3ec3538-8402-425e-8093-dbec0673be6e: TaskFinished(1,104,None,true,None)
Sending msg to client activator-d3ec3538-8402-425e-8093-dbec0673be6e: TaskStarted(1,100,Some(AttributeKey[scala.collection.Seq[sbt.Attributed[java.io.File]]]("unmanagedJars") in Scope(Build: file:/Users/maciej/Desktop/IoTWebRouter/, , Project: ProjectReference(file:/Users/maciej/Desktop/IoTWebRouter/,iotwebrouter), Config: compile)))
Sending msg to client activator-d3ec3538-8402-425e-8093-dbec0673be6e: TaskFinished(1,71,None,true,None)
Sending msg to client activator-d3ec3538-8402-425e-8093-dbec0673be6e: TaskStarted(1,70,Some(AttributeKey[scala.collection.Seq[java.io.File]]("managedSources") in Scope(Build: file:/Users/maciej/Desktop/IoTWebRouter/, , Project: ProjectReference(file:/Users/maciej/Desktop/IoTWebRouter/,iotwebrouter), Config: compile)))
Sending msg to client activator-d3ec3538-8402-425e-8093-dbec0673be6e: TaskFinished(1,31,Some(AttributeKey[scala.collection.Seq[sbt.Resolver]]("fullResolvers") in Scope(Build: file:/Users/maciej/Desktop/IoTWebRouter/, , Project: ProjectReference(file:/Users/maciej/Desktop/IoTWebRouter/,iotwebrouter))),true,None)
Sending msg to client activator-d3ec3538-8402-425e-8093-dbec0673be6e: TaskStarted(1,29,Some(AttributeKey[sbt.IvyConfiguration]("ivyConfiguration") in Scope(Build: file:/Users/maciej/Desktop/IoTWebRouter/, , Project: ProjectReference(file:/Users/maciej/Desktop/IoTWebRouter/,iotwebrouter))))
Sending msg to client activator-d3ec3538-8402-425e-8093-dbec0673be6e: TaskFinished(1,100,Some(AttributeKey[scala.collection.Seq[sbt.Attributed[java.io.File]]]("unmanagedJars") in Scope(Build: file:/Users/maciej/Desktop/IoTWebRouter/, , Project: ProjectReference(file:/Users/maciej/Desktop/IoTWebRouter/,iotwebrouter), Config: compile)),true,None)
Sending msg to client activator-d3ec3538-8402-425e-8093-dbec0673be6e: TaskStarted(1,99,None)
Sending msg to client activator-d3ec3538-8402-425e-8093-dbec0673be6e: TaskFinished(1,70,Some(AttributeKey[scala.collection.Seq[java.io.File]]("managedSources") in Scope(Build: file:/Users/maciej/Desktop/IoTWebRouter/, , Project: ProjectReference(file:/Users/maciej/Desktop/IoTWebRouter/,iotwebrouter), Config: compile)),true,None)
Sending msg to client activator-d3ec3538-8402-425e-8093-dbec0673be6e: TaskStarted(1,69,Some(AttributeKey[scala.collection.Seq[java.io.File]]("sources") in Scope(Build: file:/Users/maciej/Desktop/IoTWebRouter/, , Project: ProjectReference(file:/Users/maciej/Desktop/IoTWebRouter/,iotwebrouter), Config: compile)))
Sending msg to client activator-d3ec3538-8402-425e-8093-dbec0673be6e: TaskFinished(1,29,Some(AttributeKey[sbt.IvyConfiguration]("ivyConfiguration") in Scope(Build: file:/Users/maciej/Desktop/IoTWebRouter/, , Project: ProjectReference(file:/Users/maciej/Desktop/IoTWebRouter/,iotwebrouter))),true,None)
Sending msg to client activator-d3ec3538-8402-425e-8093-dbec0673be6e: TaskStarted(1,28,Some(AttributeKey[sbt.IvySbt]("ivySbt") in Scope(Build: file:/Users/maciej/Desktop/IoTWebRouter/, , Project: ProjectReference(file:/Users/maciej/Desktop/IoTWebRouter/,iotwebrouter))))
Sending msg to client activator-d3ec3538-8402-425e-8093-dbec0673be6e: TaskFinished(1,99,None,true,None)
Sending msg to client activator-d3ec3538-8402-425e-8093-dbec0673be6e: TaskStarted(1,98,None)
Sending msg to client activator-d3ec3538-8402-425e-8093-dbec0673be6e: TaskFinished(1,69,Some(AttributeKey[scala.collection.Seq[java.io.File]]("sources") in Scope(Build: file:/Users/maciej/Desktop/IoTWebRouter/, , Project: ProjectReference(file:/Users/maciej/Desktop/IoTWebRouter/,iotwebrouter), Config: compile)),true,None)
Sending msg to client activator-d3ec3538-8402-425e-8093-dbec0673be6e: TaskFinished(1,28,Some(AttributeKey[sbt.IvySbt]("ivySbt") in Scope(Build: file:/Users/maciej/Desktop/IoTWebRouter/, , Project: ProjectReference(file:/Users/maciej/Desktop/IoTWebRouter/,iotwebrouter))),true,None)
Sending msg to client activator-d3ec3538-8402-425e-8093-dbec0673be6e: TaskStarted(1,22,Some(AttributeKey[sbt.IvySbt$Module]("ivyModule") in Scope(Build: file:/Users/maciej/Desktop/IoTWebRouter/, , Project: ProjectReference(file:/Users/maciej/Desktop/IoTWebRouter/,iotwebrouter))))
Sending msg to client activator-d3ec3538-8402-425e-8093-dbec0673be6e: TaskFinished(1,98,None,true,None)
Sending msg to client activator-d3ec3538-8402-425e-8093-dbec0673be6e: TaskFinished(1,53,None,true,None)
Sending msg to client activator-d3ec3538-8402-425e-8093-dbec0673be6e: TaskStarted(1,52,Some(AttributeKey[scala.collection.Seq[sbt.Attributed[java.io.File]]]("unmanagedClasspath") in Scope(Build: file:/Users/maciej/Desktop/IoTWebRouter/, , Project: ProjectReference(file:/Users/maciej/Desktop/IoTWebRouter/,iotwebrouter), Config: compile)))
Sending msg to client activator-d3ec3538-8402-425e-8093-dbec0673be6e: TaskFinished(1,22,Some(AttributeKey[sbt.IvySbt$Module]("ivyModule") in Scope(Build: file:/Users/maciej/Desktop/IoTWebRouter/, , Project: ProjectReference(file:/Users/maciej/Desktop/IoTWebRouter/,iotwebrouter))),true,None)
Sending msg to client activator-d3ec3538-8402-425e-8093-dbec0673be6e: TaskStarted(1,15,Some(AttributeKey[sbt.UpdateReport]("update") in Scope(Build: file:/Users/maciej/Desktop/IoTWebRouter/, , Project: ProjectReference(file:/Users/maciej/Desktop/IoTWebRouter/,iotwebrouter))))
Sending msg to client activator-d3ec3538-8402-425e-8093-dbec0673be6e: TaskFinished(1,52,Some(AttributeKey[scala.collection.Seq[sbt.Attributed[java.io.File]]]("unmanagedClasspath") in Scope(Build: file:/Users/maciej/Desktop/IoTWebRouter/, , Project: ProjectReference(file:/Users/maciej/Desktop/IoTWebRouter/,iotwebrouter), Config: compile)),true,None)
Sending msg to client activator-d3ec3538-8402-425e-8093-dbec0673be6e: TaskFinished(1,15,Some(AttributeKey[sbt.UpdateReport]("update") in Scope(Build: file:/Users/maciej/Desktop/IoTWebRouter/, , Project: ProjectReference(file:/Users/maciej/Desktop/IoTWebRouter/,iotwebrouter))),t