New log file opened at Wed Dec 16 20:59:38 CET 2015 by 2093@MaciejCH.local
Taking next connection to: 49422
New client attempting to connect on port: 49423-49422
  Address = /10.10.2.46:49422
This client on port 49423 has uuid e6a94da2-0695-42fc-9658-233346ad13b6 configName activator humanReadableName Activator protocolVersion 3 featureTags Vector()
Connected Clients: activator-e6a94da2-0695-42fc-9658-233346ad13b6
Taking next connection to: 49422
New client attempting to connect on port: 49424-49422
  Address = /10.10.2.46:49422
Handshake exception on socket: 49424
sbt.impl.ipc.HandshakeException: Unable to perform handshake
	at sbt.impl.ipc.Peer.handshake(IPC.scala:46)
	at sbt.impl.ipc.MultiClientServer.<init>(IPC.scala:150)
	at sbt.server.SbtServerSocketHandler$$anon$1.run(SbtServerSocketHandler.scala:43)
Caused by: java.io.EOFException
	at java.io.DataInputStream.readInt(DataInputStream.java:392)
	at sbt.impl.ipc.Peer.receive(IPC.scala:95)
	at sbt.impl.ipc.Peer.handshake(IPC.scala:49)
	... 2 more
Taking next connection to: 49422
New client attempting to connect on port: 49425-49422
  Address = /10.10.2.46:49422
This client on port 49425 has uuid dcadccf7-4314-4d76-9153-79f9cb44fa8b configName activator humanReadableName Activator protocolVersion 3 featureTags Vector()
Connected Clients: activator-e6a94da2-0695-42fc-9658-233346ad13b6, activator-dcadccf7-4314-4d76-9153-79f9cb44fa8b
Taking next connection to: 49422
