New log file opened at Wed Dec 16 20:55:48 CET 2015 by 1855@MaciejCH.local
jvm 1855@MaciejCH.local
jvm vmName=Java HotSpot(TM) 64-Bit Server VM vmVendor=Oracle Corporation vmVersion=25.60-b23
jvm specName=Java Virtual Machine Specification specVendor=Oracle Corporation specVersion=1.8
jvm arguments: [-Xms256m, -Xmx1024m, -XX:MetaspaceSize=64m, -XX:MaxMetaspaceSize=256m]
Starting event engine
Starting sbt command engine
Waiting for sbt command engine
Command engine arguments=List()
Command engine baseDirectory=/Users/maciej/Desktop/IoTWebRouter
Command engine initial remaining commands List(--initialize, onFailure load-failed, boot, server-send-ready-for-request, server-handle-next-server-request)
> --initialize
> initialize
> onFailure load-failed
> boot
> reload
[Loading] Scanning directory /Users/maciej/Desktop/IoTWebRouter/project
[Loading] Found non-root projects 
[Loading] Done in /Users/maciej/Desktop/IoTWebRouter/project, returning: ()
deducing auto plugins based on known facts Set(Atom(sbt.plugins.CorePlugin)) and clauses Clauses(List(Clause(Atom(sbt.plugins.JvmPlugin),Set(Atom(sbt.plugins.IvyPlugin))), Clause(Atom(sbt.plugins.JUnitXmlReportPlugin),Set(Atom(sbt.plugins.JvmPlugin))), Clause(Atom(sbt.plugins.CorePlugin),Set(Atom(sbt.plugins.IvyPlugin))), Clause(Atom(sbt.plugins.IvyPlugin),Set(Atom(sbt.plugins.JvmPlugin))), Clause(Atom(sbt.plugins.JvmPlugin),Set(Atom(sbt.plugins.JUnitXmlReportPlugin)))))
  :: deduced result: Matched(sbt.plugins.CorePlugin,sbt.plugins.IvyPlugin,sbt.plugins.JvmPlugin,sbt.plugins.JUnitXmlReportPlugin)
sorting: ns: List(sbt.plugins.CorePlugin, sbt.plugins.IvyPlugin, sbt.plugins.JvmPlugin, sbt.plugins.JUnitXmlReportPlugin)
  :: sorting:: found: List(sbt.plugins.CorePlugin) not found List(sbt.plugins.IvyPlugin, sbt.plugins.JvmPlugin, sbt.plugins.JUnitXmlReportPlugin)
  :: sorting:: found: List(sbt.plugins.CorePlugin, sbt.plugins.IvyPlugin) not found List(sbt.plugins.JvmPlugin, sbt.plugins.JUnitXmlReportPlugin)
  :: sorting:: found: List(sbt.plugins.CorePlugin, sbt.plugins.IvyPlugin, sbt.plugins.JvmPlugin) not found List(sbt.plugins.JUnitXmlReportPlugin)
  :: sorting:: found: List(sbt.plugins.CorePlugin, sbt.plugins.IvyPlugin, sbt.plugins.JvmPlugin, sbt.plugins.JUnitXmlReportPlugin) not found List()
  :: sorted deduced result: List(sbt.plugins.CorePlugin, sbt.plugins.IvyPlugin, sbt.plugins.JvmPlugin, sbt.plugins.JUnitXmlReportPlugin)
[Loading] Done in /Users/maciej/Desktop/IoTWebRouter/project, returning: (iotwebrouter-build)
Loading project definition from /Users/maciej/Desktop/IoTWebRouter/project
Running task... Cancel: sbt.TaskCancellationStrategy$Null$@3ec44bd, check cycles: false

Initial source changes: 
	removed:Set()
	added: Set()
	modified: Set()
Removed products: Set()
External API changes: API Changes: Set()
Modified binary dependencies: Set()
Initial directly invalidated sources: Set()

Sources indirectly invalidated by:
	product: Set()
	binary dep: Set()
	external source: Set()
All initially invalidated sources: Set()

Copy resource mappings: 
	
[Loading] Scanning directory /Users/maciej/Desktop/IoTWebRouter
[Loading] Found non-root projects 
[Loading] Done in /Users/maciej/Desktop/IoTWebRouter, returning: ()
deducing auto plugins based on known facts Set(Atom(sbt.plugins.CorePlugin)) and clauses Clauses(List(Clause(Atom(sbt.plugins.JvmPlugin),Set(Atom(sbt.plugins.IvyPlugin))), Clause(Atom(sbt.plugins.JUnitXmlReportPlugin),Set(Atom(sbt.plugins.JvmPlugin))), Clause(Atom(sbt.plugins.BackgroundRunPlugin),Set(Atom(sbt.plugins.JvmPlugin))), Clause(Atom(sbt.plugins.CorePlugin),Set(Atom(sbt.plugins.IvyPlugin))), Clause(Atom(sbt.plugins.IvyPlugin),Set(Atom(sbt.plugins.JvmPlugin))), Clause(Atom(sbt.plugins.JvmPlugin),Set(Atom(sbt.plugins.JUnitXmlReportPlugin))), Clause(Atom(sbt.plugins.JvmPlugin),Set(Atom(sbt.plugins.BackgroundRunPlugin))), Clause(Atom(sbt.plugins.CorePlugin),Set(Atom(sbt.plugins.InteractionServicePlugin))), Clause(Atom(sbt.plugins.CorePlugin),Set(Atom(sbt.plugins.SendEventServicePlugin))), Clause(Atom(sbt.plugins.CorePlugin),Set(Atom(sbt.plugins.SerializersPlugin)))))
  :: deduced result: Matched(sbt.plugins.CorePlugin,sbt.plugins.SerializersPlugin,sbt.plugins.SendEventServicePlugin,sbt.plugins.InteractionServicePlugin,sbt.plugins.IvyPlugin,sbt.plugins.JvmPlugin,sbt.plugins.BackgroundRunPlugin,sbt.plugins.JUnitXmlReportPlugin)
sorting: ns: List(sbt.plugins.CorePlugin, sbt.plugins.SerializersPlugin, sbt.plugins.SendEventServicePlugin, sbt.plugins.InteractionServicePlugin, sbt.plugins.IvyPlugin, sbt.plugins.JvmPlugin, sbt.plugins.BackgroundRunPlugin, sbt.plugins.JUnitXmlReportPlugin)
  :: sorting:: found: List(sbt.plugins.CorePlugin) not found List(sbt.plugins.SerializersPlugin, sbt.plugins.SendEventServicePlugin, sbt.plugins.InteractionServicePlugin, sbt.plugins.IvyPlugin, sbt.plugins.JvmPlugin, sbt.plugins.BackgroundRunPlugin, sbt.plugins.JUnitXmlReportPlugin)
  :: sorting:: found: List(sbt.plugins.CorePlugin, sbt.plugins.SerializersPlugin, sbt.plugins.SendEventServicePlugin, sbt.plugins.InteractionServicePlugin, sbt.plugins.IvyPlugin) not found List(sbt.plugins.JvmPlugin, sbt.plugins.BackgroundRunPlugin, sbt.plugins.JUnitXmlReportPlugin)
  :: sorting:: found: List(sbt.plugins.CorePlugin, sbt.plugins.SerializersPlugin, sbt.plugins.SendEventServicePlugin, sbt.plugins.InteractionServicePlugin, sbt.plugins.IvyPlugin, sbt.plugins.JvmPlugin) not found List(sbt.plugins.BackgroundRunPlugin, sbt.plugins.JUnitXmlReportPlugin)
  :: sorting:: found: List(sbt.plugins.CorePlugin, sbt.plugins.SerializersPlugin, sbt.plugins.SendEventServicePlugin, sbt.plugins.InteractionServicePlugin, sbt.plugins.IvyPlugin, sbt.plugins.JvmPlugin, sbt.plugins.BackgroundRunPlugin, sbt.plugins.JUnitXmlReportPlugin) not found List()
  :: sorted deduced result: List(sbt.plugins.CorePlugin, sbt.plugins.SerializersPlugin, sbt.plugins.SendEventServicePlugin, sbt.plugins.InteractionServicePlugin, sbt.plugins.IvyPlugin, sbt.plugins.JvmPlugin, sbt.plugins.BackgroundRunPlugin, sbt.plugins.JUnitXmlReportPlugin)
[Loading] Done in /Users/maciej/Desktop/IoTWebRouter, returning: (iotwebrouter)
Set current project to play-ws-test (in build file:/Users/maciej/Desktop/IoTWebRouter/)
Reapplying settings...
Set current project to play-ws-test (in build file:/Users/maciej/Desktop/IoTWebRouter/)
> iflast shell
> server-send-ready-for-request
> server-handle-next-server-request
> {file:/Users/maciej/Desktop/IoTWebRouter/}iotwebrouter/compile:discoveredMainClasses
Evaluating tasks: compile:discoveredMainClasses
Running task... Cancel: sbt.server.ServerTaskCancellation@40ac566, check cycles: false
Invalidating /Users/maciej/Desktop/IoTWebRouter/target/scala-2.10/classes/controllers/Application$2.class: stamp changed from lastModified(1450295140000) to lastModified(1450295157000)

Initial source changes: 
	removed:Set()
	added: Set()
	modified: Set()
Removed products: Set()
External API changes: API Changes: Set()
Modified binary dependencies: Set(/Users/maciej/Desktop/IoTWebRouter/target/scala-2.10/classes/controllers/Application$2.class)
Initial directly invalidated sources: Set()

Sources indirectly invalidated by:
	product: Set()
	binary dep: Set(/Users/maciej/Desktop/IoTWebRouter/app/controllers/Application.java)
	external source: Set()
All initially invalidated sources: Set(/Users/maciej/Desktop/IoTWebRouter/app/controllers/Application.java)

Read from stdout: Compiling 1 Java source to /Users/maciej/Desktop/IoTWebRouter/target/scala-2.10/classes...
Compiling 1 Java source to /Users/maciej/Desktop/IoTWebRouter/target/scala-2.10/classes...
Attempting to call com.sun.tools.javac.api.JavacTool@7d1f26f2 directly...
Java compilation took 0.740255884 s
Java analysis took 0.06616719 s
Java compile + analysis took 0.816551722 s
New invalidations:
	Set()
Initial set of included nodes: Set()
Previously invalidated, but (transitively) depend on new invalidations:
	Set()
All newly invalidated sources after taking into account (previously) recompiled sources:Set()
Total time: 2 s, completed 2015-12-16 20:55:56
> server-post-command-cleanup
> server-handle-next-server-request
> {file:/Users/maciej/Desktop/IoTWebRouter/}iotwebrouter/compile:mainClass
Evaluating tasks: compile:mainClass
Running task... Cancel: sbt.server.ServerTaskCancellation@3fdf41ed, check cycles: false
Total time: 0 s, completed 2015-12-16 20:55:56
> server-post-command-cleanup
> server-handle-next-server-request
> {file:/Users/maciej/Desktop/IoTWebRouter/}iotwebrouter/compile:discoveredMainClasses
Evaluating tasks: compile:discoveredMainClasses
Running task... Cancel: sbt.server.ServerTaskCancellation@17d90877, check cycles: false
Invalidating /Users/maciej/Desktop/IoTWebRouter/target/scala-2.10/classes/controllers/Application$2.class: stamp changed from lastModified(1450295157000) to lastModified(1450295755000)

Initial source changes: 
	removed:Set()
	added: Set()
	modified: Set()
Removed products: Set(/Users/maciej/Desktop/IoTWebRouter/target/scala-2.10/classes/controllers/Application$2$1.class)
External API changes: API Changes: Set()
Modified binary dependencies: Set(/Users/maciej/Desktop/IoTWebRouter/target/scala-2.10/classes/controllers/Application$2.class)
Initial directly invalidated sources: Set()

Sources indirectly invalidated by:
	product: Set(/Users/maciej/Desktop/IoTWebRouter/app/controllers/Application.java)
	binary dep: Set(/Users/maciej/Desktop/IoTWebRouter/app/controllers/Application.java)
	external source: Set()
All initially invalidated sources: Set(/Users/maciej/Desktop/IoTWebRouter/app/controllers/Application.java)

Read from stdout: Compiling 1 Java source to /Users/maciej/Desktop/IoTWebRouter/target/scala-2.10/classes...
Compiling 1 Java source to /Users/maciej/Desktop/IoTWebRouter/target/scala-2.10/classes...
Attempting to call com.sun.tools.javac.api.JavacTool@45a5d8dc directly...
Java compilation took 0.130508017 s
Java analysis took 0.01973073 s
Java compile + analysis took 0.156518301 s
New invalidations:
	Set()
Initial set of included nodes: Set()
Previously invalidated, but (transitively) depend on new invalidations:
	Set()
All newly invalidated sources after taking into account (previously) recompiled sources:Set()
Total time: 1 s, completed 2015-12-16 20:55:57
> server-post-command-cleanup
> server-handle-next-server-request
> {file:/Users/maciej/Desktop/IoTWebRouter/}iotwebrouter/compile:mainClass
Evaluating tasks: compile:mainClass
Running task... Cancel: sbt.server.ServerTaskCancellation@d729e30, check cycles: false
Total time: 0 s, completed 2015-12-16 20:55:57
> server-post-command-cleanup
> server-handle-next-server-request
