New log file opened at Wed Dec 16 17:16:03 CET 2015 by 520@MaciejCH.local
jvm 520@MaciejCH.local
jvm vmName=Java HotSpot(TM) 64-Bit Server VM vmVendor=Oracle Corporation vmVersion=25.60-b23
jvm specName=Java Virtual Machine Specification specVendor=Oracle Corporation specVersion=1.8
jvm arguments: [-Xms256m, -Xmx1024m, -XX:MetaspaceSize=64m, -XX:MaxMetaspaceSize=256m]
Starting event engine
Starting sbt command engine
Waiting for sbt command engine
Command engine arguments=List()
Command engine baseDirectory=/Users/maciej/Desktop/IoTWebRouter
Command engine initial remaining commands List(--initialize, onFailure load-failed, boot, server-send-ready-for-request, server-handle-next-server-request)
> --initialize
> initialize
> onFailure load-failed
> boot
> reload
[Loading] Scanning directory /Users/maciej/Desktop/IoTWebRouter/project
[Loading] Found non-root projects 
[Loading] Done in /Users/maciej/Desktop/IoTWebRouter/project, returning: ()
deducing auto plugins based on known facts Set(Atom(sbt.plugins.CorePlugin)) and clauses Clauses(List(Clause(Atom(sbt.plugins.JvmPlugin),Set(Atom(sbt.plugins.IvyPlugin))), Clause(Atom(sbt.plugins.JUnitXmlReportPlugin),Set(Atom(sbt.plugins.JvmPlugin))), Clause(Atom(sbt.plugins.CorePlugin),Set(Atom(sbt.plugins.IvyPlugin))), Clause(Atom(sbt.plugins.IvyPlugin),Set(Atom(sbt.plugins.JvmPlugin))), Clause(Atom(sbt.plugins.JvmPlugin),Set(Atom(sbt.plugins.JUnitXmlReportPlugin)))))
  :: deduced result: Matched(sbt.plugins.CorePlugin,sbt.plugins.IvyPlugin,sbt.plugins.JvmPlugin,sbt.plugins.JUnitXmlReportPlugin)
sorting: ns: List(sbt.plugins.CorePlugin, sbt.plugins.IvyPlugin, sbt.plugins.JvmPlugin, sbt.plugins.JUnitXmlReportPlugin)
  :: sorting:: found: List(sbt.plugins.CorePlugin) not found List(sbt.plugins.IvyPlugin, sbt.plugins.JvmPlugin, sbt.plugins.JUnitXmlReportPlugin)
  :: sorting:: found: List(sbt.plugins.CorePlugin, sbt.plugins.IvyPlugin) not found List(sbt.plugins.JvmPlugin, sbt.plugins.JUnitXmlReportPlugin)
  :: sorting:: found: List(sbt.plugins.CorePlugin, sbt.plugins.IvyPlugin, sbt.plugins.JvmPlugin) not found List(sbt.plugins.JUnitXmlReportPlugin)
  :: sorting:: found: List(sbt.plugins.CorePlugin, sbt.plugins.IvyPlugin, sbt.plugins.JvmPlugin, sbt.plugins.JUnitXmlReportPlugin) not found List()
  :: sorted deduced result: List(sbt.plugins.CorePlugin, sbt.plugins.IvyPlugin, sbt.plugins.JvmPlugin, sbt.plugins.JUnitXmlReportPlugin)
[Loading] Done in /Users/maciej/Desktop/IoTWebRouter/project, returning: (iotwebrouter-build)
Loading project definition from /Users/maciej/Desktop/IoTWebRouter/project
Running task... Cancel: sbt.TaskCancellationStrategy$Null$@6423c7ff, check cycles: false

Initial source changes: 
	removed:Set()
	added: Set()
	modified: Set()
Removed products: Set()
External API changes: API Changes: Set()
Modified binary dependencies: Set()
Initial directly invalidated sources: Set()

Sources indirectly invalidated by:
	product: Set()
	binary dep: Set()
	external source: Set()
All initially invalidated sources: Set()

Copy resource mappings: 
	
[Loading] Scanning directory /Users/maciej/Desktop/IoTWebRouter
[Loading] Found non-root projects 
[Loading] Done in /Users/maciej/Desktop/IoTWebRouter, returning: ()
deducing auto plugins based on known facts Set(Atom(sbt.plugins.CorePlugin)) and clauses Clauses(List(Clause(Atom(sbt.plugins.JvmPlugin),Set(Atom(sbt.plugins.IvyPlugin))), Clause(Atom(sbt.plugins.JUnitXmlReportPlugin),Set(Atom(sbt.plugins.JvmPlugin))), Clause(Atom(sbt.plugins.BackgroundRunPlugin),Set(Atom(sbt.plugins.JvmPlugin))), Clause(Atom(sbt.plugins.CorePlugin),Set(Atom(sbt.plugins.IvyPlugin))), Clause(Atom(sbt.plugins.IvyPlugin),Set(Atom(sbt.plugins.JvmPlugin))), Clause(Atom(sbt.plugins.JvmPlugin),Set(Atom(sbt.plugins.JUnitXmlReportPlugin))), Clause(Atom(sbt.plugins.JvmPlugin),Set(Atom(sbt.plugins.BackgroundRunPlugin))), Clause(Atom(sbt.plugins.CorePlugin),Set(Atom(sbt.plugins.InteractionServicePlugin))), Clause(Atom(sbt.plugins.CorePlugin),Set(Atom(sbt.plugins.SendEventServicePlugin))), Clause(Atom(sbt.plugins.CorePlugin),Set(Atom(sbt.plugins.SerializersPlugin)))))
  :: deduced result: Matched(sbt.plugins.CorePlugin,sbt.plugins.SerializersPlugin,sbt.plugins.SendEventServicePlugin,sbt.plugins.InteractionServicePlugin,sbt.plugins.IvyPlugin,sbt.plugins.JvmPlugin,sbt.plugins.BackgroundRunPlugin,sbt.plugins.JUnitXmlReportPlugin)
sorting: ns: List(sbt.plugins.CorePlugin, sbt.plugins.SerializersPlugin, sbt.plugins.SendEventServicePlugin, sbt.plugins.InteractionServicePlugin, sbt.plugins.IvyPlugin, sbt.plugins.JvmPlugin, sbt.plugins.BackgroundRunPlugin, sbt.plugins.JUnitXmlReportPlugin)
  :: sorting:: found: List(sbt.plugins.CorePlugin) not found List(sbt.plugins.SerializersPlugin, sbt.plugins.SendEventServicePlugin, sbt.plugins.InteractionServicePlugin, sbt.plugins.IvyPlugin, sbt.plugins.JvmPlugin, sbt.plugins.BackgroundRunPlugin, sbt.plugins.JUnitXmlReportPlugin)
  :: sorting:: found: List(sbt.plugins.CorePlugin, sbt.plugins.SerializersPlugin, sbt.plugins.SendEventServicePlugin, sbt.plugins.InteractionServicePlugin, sbt.plugins.IvyPlugin) not found List(sbt.plugins.JvmPlugin, sbt.plugins.BackgroundRunPlugin, sbt.plugins.JUnitXmlReportPlugin)
  :: sorting:: found: List(sbt.plugins.CorePlugin, sbt.plugins.SerializersPlugin, sbt.plugins.SendEventServicePlugin, sbt.plugins.InteractionServicePlugin, sbt.plugins.IvyPlugin, sbt.plugins.JvmPlugin) not found List(sbt.plugins.BackgroundRunPlugin, sbt.plugins.JUnitXmlReportPlugin)
  :: sorting:: found: List(sbt.plugins.CorePlugin, sbt.plugins.SerializersPlugin, sbt.plugins.SendEventServicePlugin, sbt.plugins.InteractionServicePlugin, sbt.plugins.IvyPlugin, sbt.plugins.JvmPlugin, sbt.plugins.BackgroundRunPlugin, sbt.plugins.JUnitXmlReportPlugin) not found List()
  :: sorted deduced result: List(sbt.plugins.CorePlugin, sbt.plugins.SerializersPlugin, sbt.plugins.SendEventServicePlugin, sbt.plugins.InteractionServicePlugin, sbt.plugins.IvyPlugin, sbt.plugins.JvmPlugin, sbt.plugins.BackgroundRunPlugin, sbt.plugins.JUnitXmlReportPlugin)
[Loading] Done in /Users/maciej/Desktop/IoTWebRouter, returning: (iotwebrouter)
Set current project to play-ws-test (in build file:/Users/maciej/Desktop/IoTWebRouter/)
Reapplying settings...
Set current project to play-ws-test (in build file:/Users/maciej/Desktop/IoTWebRouter/)
> iflast shell
> server-send-ready-for-request
> server-handle-next-server-request
> {file:/Users/maciej/Desktop/IoTWebRouter/}iotwebrouter/compile:mainClass
Evaluating tasks: compile:mainClass
Running task... Cancel: sbt.server.ServerTaskCancellation@1f98256c, check cycles: false
Total time: 0 s, completed 2015-12-16 17:16:09
> server-post-command-cleanup
> server-handle-next-server-request
> {file:/Users/maciej/Desktop/IoTWebRouter/}iotwebrouter/compile:discoveredMainClasses
Evaluating tasks: compile:discoveredMainClasses
Running task... Cancel: sbt.server.ServerTaskCancellation@3755c197, check cycles: false

Initial source changes: 
	removed:Set()
	added: Set(/Users/maciej/Desktop/IoTWebRouter/src/java/model/Message.java, /Users/maciej/Desktop/IoTWebRouter/src/java/websocket/requestOperations/Log/ConnectionsLogOperation.java, /Users/maciej/Desktop/IoTWebRouter/src/java/websocket/requestOperations/ConnectOperation.java, /Users/maciej/Desktop/IoTWebRouter/src/java/websocket/requestOperations/Log/InterpretedLogOperation.java, /Users/maciej/Desktop/IoTWebRouter/src/java/websocket/requestOperations/SyntaxValidator.java, /Users/maciej/Desktop/IoTWebRouter/src/java/model/Router.java, /Users/maciej/Desktop/IoTWebRouter/src/java/model/Enviroment.java, /Users/maciej/Desktop/IoTWebRouter/src/java/websocket/requestOperations/RegisterOperation.java, /Users/maciej/Desktop/IoTWebRouter/src/java/websocket/requestOperations/Log/LogParser.java, /Users/maciej/Desktop/IoTWebRouter/src/java/websocket/requestOperations/ErrorOperation.java, /Users/maciej/Desktop/IoTWebRouter/src/java/model/DeviceInterface.java, /Users/maciej/Desktop/IoTWebRouter/src/java/websocket/requestOperations/Log/HelpLogOperation.java, /Users/maciej/Desktop/IoTWebRouter/src/java/websocket/requestOperations/Log/LogOperation.java, /Users/maciej/Desktop/IoTWebRouter/src/java/model/Medium.java, /Users/maciej/Desktop/IoTWebRouter/src/java/websocket/requestOperations/DataOperation.java, /Users/maciej/Desktop/IoTWebRouter/src/java/websocket/requestOperations/Log/DeviceLogOperation.java, /Users/maciej/Desktop/IoTWebRouter/src/java/websocket/requestOperations/RequestOperation.java, /Users/maciej/Desktop/IoTWebRouter/src/java/websocket/requestOperations/Error.java, /Users/maciej/Desktop/IoTWebRouter/src/java/model/Signal.java, /Users/maciej/Desktop/IoTWebRouter/src/java/model/Interactor.java, /Users/maciej/Desktop/IoTWebRouter/src/java/websocket/requestOperations/Log/LogRequestInterpreter.java, /Users/maciej/Desktop/IoTWebRouter/src/java/websocket/requestOperations/RequestOperationsSerializer.java, /Users/maciej/Desktop/IoTWebRouter/src/java/model/Device.java)
	modified: Set()
Removed products: Set()
External API changes: API Changes: Set()
Modified binary dependencies: Set()
Initial directly invalidated sources: Set(/Users/maciej/Desktop/IoTWebRouter/src/java/model/Message.java, /Users/maciej/Desktop/IoTWebRouter/src/java/websocket/requestOperations/Log/ConnectionsLogOperation.java, /Users/maciej/Desktop/IoTWebRouter/src/java/websocket/requestOperations/ConnectOperation.java, /Users/maciej/Desktop/IoTWebRouter/src/java/websocket/requestOperations/Log/InterpretedLogOperation.java, /Users/maciej/Desktop/IoTWebRouter/src/java/websocket/requestOperations/SyntaxValidator.java, /Users/maciej/Desktop/IoTWebRouter/src/java/model/Router.java, /Users/maciej/Desktop/IoTWebRouter/src/java/model/Enviroment.java, /Users/maciej/Desktop/IoTWebRouter/src/java/websocket/requestOperations/RegisterOperation.java, /Users/maciej/Desktop/IoTWebRouter/src/java/websocket/requestOperations/Log/LogParser.java, /Users/maciej/Desktop/IoTWebRouter/src/java/websocket/requestOperations/ErrorOperation.java, /Users/maciej/Desktop/IoTWebRouter/src/java/model/DeviceInterface.java, /Users/maciej/Desktop/IoTWebRouter/src/java/websocket/requestOperations/Log/HelpLogOperation.java, /Users/maciej/Desktop/IoTWebRouter/src/java/websocket/requestOperations/Log/LogOperation.java, /Users/maciej/Desktop/IoTWebRouter/src/java/model/Medium.java, /Users/maciej/Desktop/IoTWebRouter/src/java/websocket/requestOperations/DataOperation.java, /Users/maciej/Desktop/IoTWebRouter/src/java/websocket/requestOperations/Log/DeviceLogOperation.java, /Users/maciej/Desktop/IoTWebRouter/src/java/websocket/requestOperations/RequestOperation.java, /Users/maciej/Desktop/IoTWebRouter/src/java/websocket/requestOperations/Error.java, /Users/maciej/Desktop/IoTWebRouter/src/java/model/Signal.java, /Users/maciej/Desktop/IoTWebRouter/src/java/model/Interactor.java, /Users/maciej/Desktop/IoTWebRouter/src/java/websocket/requestOperations/Log/LogRequestInterpreter.java, /Users/maciej/Desktop/IoTWebRouter/src/java/websocket/requestOperations/RequestOperationsSerializer.java, /Users/maciej/Desktop/IoTWebRouter/src/java/model/Device.java)

Sources indirectly invalidated by:
	product: Set()
	binary dep: Set()
	external source: Set()
All initially invalidated sources: Set(/Users/maciej/Desktop/IoTWebRouter/src/java/model/Message.java, /Users/maciej/Desktop/IoTWebRouter/src/java/websocket/requestOperations/Log/ConnectionsLogOperation.java, /Users/maciej/Desktop/IoTWebRouter/src/java/websocket/requestOperations/ConnectOperation.java, /Users/maciej/Desktop/IoTWebRouter/src/java/websocket/requestOperations/Log/InterpretedLogOperation.java, /Users/maciej/Desktop/IoTWebRouter/src/java/websocket/requestOperations/SyntaxValidator.java, /Users/maciej/Desktop/IoTWebRouter/src/java/model/Router.java, /Users/maciej/Desktop/IoTWebRouter/src/java/model/Enviroment.java, /Users/maciej/Desktop/IoTWebRouter/src/java/websocket/requestOperations/RegisterOperation.java, /Users/maciej/Desktop/IoTWebRouter/src/java/websocket/requestOperations/Log/LogParser.java, /Users/maciej/Desktop/IoTWebRouter/src/java/websocket/requestOperations/ErrorOperation.java, /Users/maciej/Desktop/IoTWebRouter/src/java/model/DeviceInterface.java, /Users/maciej/Desktop/IoTWebRouter/src/java/websocket/requestOperations/Log/HelpLogOperation.java, /Users/maciej/Desktop/IoTWebRouter/src/java/websocket/requestOperations/Log/LogOperation.java, /Users/maciej/Desktop/IoTWebRouter/src/java/model/Medium.java, /Users/maciej/Desktop/IoTWebRouter/src/java/websocket/requestOperations/DataOperation.java, /Users/maciej/Desktop/IoTWebRouter/src/java/websocket/requestOperations/Log/DeviceLogOperation.java, /Users/maciej/Desktop/IoTWebRouter/src/java/websocket/requestOperations/RequestOperation.java, /Users/maciej/Desktop/IoTWebRouter/src/java/websocket/requestOperations/Error.java, /Users/maciej/Desktop/IoTWebRouter/src/java/model/Signal.java, /Users/maciej/Desktop/IoTWebRouter/src/java/model/Interactor.java, /Users/maciej/Desktop/IoTWebRouter/src/java/websocket/requestOperations/Log/LogRequestInterpreter.java, /Users/maciej/Desktop/IoTWebRouter/src/java/websocket/requestOperations/RequestOperationsSerializer.java, /Users/maciej/Desktop/IoTWebRouter/src/java/model/Device.java)

Recompiling all 32 sources: invalidated sources (23) exceeded 50.0% of all sources
Read from stdout: Compiling 5 Scala sources and 27 Java sources to /Users/maciej/Desktop/IoTWebRouter/target/scala-2.10/classes...
Compiling 5 Scala sources and 27 Java sources to /Users/maciej/Desktop/IoTWebRouter/target/scala-2.10/classes...
Getting compiler-interface from component compiler for Scala 2.10.2
Other repositories:
Default repositories:
Getting compiler-interface from component compiler for Scala 2.10.2
Other repositories:
Default repositories:
Running cached compiler 13546bb, interfacing (CompilerInterface) with Scala compiler version 2.10.2
Calling Scala compiler with arguments  (CompilerInterface):
	-deprecation
	-unchecked
	-encoding
	utf8
	-bootclasspath
	/Library/Java/JavaVirtualMachines/jdk1.8.0_60.jdk/Contents/Home/jre/lib/resources.jar:/Library/Java/JavaVirtualMachines/jdk1.8.0_60.jdk/Contents/Home/jre/lib/rt.jar:/Library/Java/JavaVirtualMachines/jdk1.8.0_60.jdk/Contents/Home/jre/lib/sunrsasign.jar:/Library/Java/JavaVirtualMachines/jdk1.8.0_60.jdk/Contents/Home/jre/lib/jsse.jar:/Library/Java/JavaVirtualMachines/jdk1.8.0_60.jdk/Contents/Home/jre/lib/jce.jar:/Library/Java/JavaVirtualMachines/jdk1.8.0_60.jdk/Contents/Home/jre/lib/charsets.jar:/Library/Java/JavaVirtualMachines/jdk1.8.0_60.jdk/Contents/Home/jre/lib/jfr.jar:/Library/Java/JavaVirtualMachines/jdk1.8.0_60.jdk/Contents/Home/jre/classes:/Users/maciej/.ivy2/cache/org.scala-lang/scala-library/jars/scala-library-2.10.2.jar
	-classpath
	/Users/maciej/Desktop/IoTWebRouter/target/scala-2.10/classes:/Users/maciej/.ivy2/cache/com.typesafe.play/play-java-jdbc_2.10/jars/play-java-jdbc_2.10-2.2.0.jar:/Users/maciej/.ivy2/cache/com.typesafe.play/play-jdbc_2.10/jars/play-jdbc_2.10-2.2.0.jar:/Users/maciej/.ivy2/cache/com.typesafe.play/play_2.10/jars/play_2.10-2.2.0.jar:/Users/maciej/.ivy2/cache/com.typesafe.play/sbt-link/jars/sbt-link-2.2.0.jar:/Users/maciej/.ivy2/cache/org.javassist/javassist/bundles/javassist-3.18.0-GA.jar:/Users/maciej/.ivy2/cache/com.typesafe.play/play-exceptions/jars/play-exceptions-2.2.0.jar:/Users/maciej/.ivy2/cache/com.typesafe.play/templates_2.10/jars/templates_2.10-2.2.0.jar:/Users/maciej/.ivy2/cache/com.github.scala-incubator.io/scala-io-file_2.10/jars/scala-io-file_2.10-0.4.2.jar:/Users/maciej/.ivy2/cache/com.github.scala-incubator.io/scala-io-core_2.10/jars/scala-io-core_2.10-0.4.2.jar:/Users/maciej/.ivy2/cache/com.jsuereth/scala-arm_2.10/jars/scala-arm_2.10-1.3.jar:/Users/maciej/.ivy2/cache/com.typesafe.play/play-iteratees_2.10/jars/play-iteratees_2.10-2.2.0.jar:/Users/maciej/.ivy2/cache/org.scala-stm/scala-stm_2.10/jars/scala-stm_2.10-0.7.jar:/Users/maciej/.ivy2/cache/com.typesafe/config/bundles/config-1.0.2.jar:/Users/maciej/.ivy2/cache/com.typesafe.play/play-json_2.10/jars/play-json_2.10-2.2.0.jar:/Users/maciej/.ivy2/cache/com.typesafe.play/play-functional_2.10/jars/play-functional_2.10-2.2.0.jar:/Users/maciej/.ivy2/cache/com.typesafe.play/play-datacommons_2.10/jars/play-datacommons_2.10-2.2.0.jar:/Users/maciej/.ivy2/cache/joda-time/joda-time/jars/joda-time-2.2.jar:/Users/maciej/.ivy2/cache/org.joda/joda-convert/jars/joda-convert-1.3.1.jar:/Users/maciej/.ivy2/cache/com.fasterxml.jackson.core/jackson-annotations/jars/jackson-annotations-2.2.2.jar:/Users/maciej/.ivy2/cache/com.fasterxml.jackson.core/jackson-core/jars/jackson-core-2.2.2.jar:/Users/maciej/.ivy2/cache/com.fasterxml.jackson.core/jackson-databind/jars/jackson-databind-2.2.2.jar:/Users/maciej/.ivy2/cache/org.scala-lang/scala-reflect/jars/scala-reflect-2.10.2.jar:/Users/maciej/.ivy2/cache/io.netty/netty/bundles/netty-3.7.0.Final.jar:/Users/maciej/.ivy2/cache/com.typesafe.netty/netty-http-pipelining/jars/netty-http-pipelining-1.1.2.jar:/Users/maciej/.ivy2/cache/org.slf4j/slf4j-api/jars/slf4j-api-1.7.5.jar:/Users/maciej/.ivy2/cache/org.slf4j/jul-to-slf4j/jars/jul-to-slf4j-1.7.5.jar:/Users/maciej/.ivy2/cache/org.slf4j/jcl-over-slf4j/jars/jcl-over-slf4j-1.7.5.jar:/Users/maciej/.ivy2/cache/ch.qos.logback/logback-core/jars/logback-core-1.0.13.jar:/Users/maciej/.ivy2/cache/ch.qos.logback/logback-classic/jars/logback-classic-1.0.13.jar:/Users/maciej/.ivy2/cache/com.typesafe.akka/akka-actor_2.10/jars/akka-actor_2.10-2.2.0.jar:/Users/maciej/.ivy2/cache/com.typesafe.akka/akka-slf4j_2.10/bundles/akka-slf4j_2.10-2.2.0.jar:/Users/maciej/.ivy2/cache/org.apache.commons/commons-lang3/jars/commons-lang3-3.1.jar:/Users/maciej/.ivy2/cache/com.ning/async-http-client/jars/async-http-client-1.7.18.jar:/Users/maciej/.ivy2/cache/oauth.signpost/signpost-core/jars/signpost-core-1.2.1.2.jar:/Users/maciej/.ivy2/cache/commons-codec/commons-codec/jars/commons-codec-1.3.jar:/Users/maciej/.ivy2/cache/oauth.signpost/signpost-commonshttp4/jars/signpost-commonshttp4-1.2.1.2.jar:/Users/maciej/.ivy2/cache/org.apache.httpcomponents/httpcore/jars/httpcore-4.0.1.jar:/Users/maciej/.ivy2/cache/org.apache.httpcomponents/httpclient/jars/httpclient-4.0.1.jar:/Users/maciej/.ivy2/cache/commons-logging/commons-logging/jars/commons-logging-1.1.1.jar:/Users/maciej/.ivy2/cache/xerces/xercesImpl/jars/xercesImpl-2.11.0.jar:/Users/maciej/.ivy2/cache/xml-apis/xml-apis/jars/xml-apis-1.4.01.jar:/Users/maciej/.ivy2/cache/javax.transaction/jta/jars/jta-1.1.jar:/Users/maciej/.ivy2/cache/com.jolbox/bonecp/bundles/bonecp-0.8.0-rc1.jar:/Users/maciej/.ivy2/cache/com.google.guava/guava/bundles/guava-14.0.1.jar:/Users/maciej/.ivy2/cache/com.h2database/h2/jars/h2-1.3.172.jar:/Users/maciej/.ivy2/cache/tyrex/tyrex/jars/tyrex-1.0.1.jar:/Users/maciej/.ivy2/cache/com.typesafe.play/play-java_2.10/jars/play-java_2.10-2.2.0.jar:/Users/maciej/.ivy2/cache/org.yaml/snakeyaml/bundles/snakeyaml-1.12.jar:/Users/maciej/.ivy2/cache/org.hibernate/hibernate-validator/jars/hibernate-validator-5.0.1.Final.jar:/Users/maciej/.ivy2/cache/javax.validation/validation-api/jars/validation-api-1.1.0.Final.jar:/Users/maciej/.ivy2/cache/org.jboss.logging/jboss-logging/jars/jboss-logging-3.1.1.GA.jar:/Users/maciej/.ivy2/cache/com.fasterxml/classmate/bundles/classmate-0.8.0.jar:/Users/maciej/.ivy2/cache/org.springframework/spring-context/jars/spring-context-3.2.3.RELEASE.jar:/Users/maciej/.ivy2/cache/org.springframework/spring-core/jars/spring-core-3.2.3.RELEASE.jar:/Users/maciej/.ivy2/cache/org.springframework/spring-beans/jars/spring-beans-3.2.3.RELEASE.jar:/Users/maciej/.ivy2/cache/org.reflections/reflections/jars/reflections-0.9.8.jar:/Users/maciej/.ivy2/cache/dom4j/dom4j/jars/dom4j-1.6.1.jar:/Users/maciej/.ivy2/cache/com.google.code.findbugs/jsr305/jars/jsr305-2.0.1.jar:/Users/maciej/.ivy2/cache/javax.servlet/javax.servlet-api/jars/javax.servlet-api-3.0.1.jar:/Users/maciej/.ivy2/cache/com.typesafe.play/play-java-ebean_2.10/jars/play-java-ebean_2.10-2.2.0.jar:/Users/maciej/.ivy2/cache/org.avaje.ebeanorm/avaje-ebeanorm/jars/avaje-ebeanorm-3.2.2.jar:/Users/maciej/.ivy2/cache/org.avaje.ebeanorm/avaje-ebeanorm-agent/jars/avaje-ebeanorm-agent-3.2.1.jar:/Users/maciej/.ivy2/cache/org.hibernate.javax.persistence/hibernate-jpa-2.0-api/jars/hibernate-jpa-2.0-api-1.0.1.Final.jar:/Users/maciej/.ivy2/cache/com.typesafe.play/play-cache_2.10/jars/play-cache_2.10-2.2.0.jar:/Users/maciej/.ivy2/cache/net.sf.ehcache/ehcache-core/jars/ehcache-core-2.6.6.jar:/Users/maciej/.ivy2/cache/com.google.code.gson/gson/jars/gson-2.2.4.jar
Scala compilation took 8.519402074 s
Attempting to call com.sun.tools.javac.api.JavacTool@780f60fc directly...
Read from stdout: /Users/maciej/Desktop/IoTWebRouter/src/java/model/Interactor.java:9: cannot find symbol
Read from stdout: symbol:   class AdminWebSocket
Read from stdout: location: package websocket
/Users/maciej/Desktop/IoTWebRouter/src/java/model/Interactor.java:9: cannot find symbol
  symbol:   class AdminWebSocket
  location: package websocket
Read from stdout: websocket.AdminWebSocket
websocket.AdminWebSocket
Read from stdout: /Users/maciej/Desktop/IoTWebRouter/src/java/websocket/requestOperations/Log/HelpLogOperation.java:11: package javax.websocket does not exist
/Users/maciej/Desktop/IoTWebRouter/src/java/websocket/requestOperations/Log/HelpLogOperation.java:11: package javax.websocket does not exist
Read from stdout: javax.websocket.Session
javax.websocket.Session
Read from stdout: /Users/maciej/Desktop/IoTWebRouter/src/java/model/Interactor.java:42: cannot find symbol
Read from stdout: symbol:   variable AdminWebSocket
Read from stdout: location: class model.Interactor
/Users/maciej/Desktop/IoTWebRouter/src/java/model/Interactor.java:42: cannot find symbol
  symbol:   variable AdminWebSocket
  location: class model.Interactor
Read from stdout: AdminWebSocket
AdminWebSocket
Read from stdout: /Users/maciej/Desktop/IoTWebRouter/src/java/model/Interactor.java:50: cannot find symbol
Read from stdout: symbol:   variable AdminWebSocket
Read from stdout: location: class model.Interactor
/Users/maciej/Desktop/IoTWebRouter/src/java/model/Interactor.java:50: cannot find symbol
  symbol:   variable AdminWebSocket
  location: class model.Interactor
Read from stdout: AdminWebSocket
AdminWebSocket
Read from stdout: /Users/maciej/Desktop/IoTWebRouter/src/java/websocket/requestOperations/Log/HelpLogOperation.java:84: cannot find symbol
Read from stdout: symbol:   class Session
Read from stdout: location: class websocket.requestOperations.Log.HelpLogOperation
/Users/maciej/Desktop/IoTWebRouter/src/java/websocket/requestOperations/Log/HelpLogOperation.java:84: cannot find symbol
  symbol:   class Session
  location: class websocket.requestOperations.Log.HelpLogOperation
Read from stdout: Session
Session
Read from stdout: /Users/maciej/Desktop/IoTWebRouter/src/java/websocket/requestOperations/Log/HelpLogOperation.java:91: cannot find symbol
Read from stdout: symbol:   class Session
Read from stdout: location: class websocket.requestOperations.Log.HelpLogOperation
/Users/maciej/Desktop/IoTWebRouter/src/java/websocket/requestOperations/Log/HelpLogOperation.java:91: cannot find symbol
  symbol:   class Session
  location: class websocket.requestOperations.Log.HelpLogOperation
Read from stdout: Session
Session
Read from stdout: /Users/maciej/Desktop/IoTWebRouter/src/java/websocket/requestOperations/Log/InterpretedLogOperation.java: Some input files use unchecked or unsafe operations.
/Users/maciej/Desktop/IoTWebRouter/src/java/websocket/requestOperations/Log/InterpretedLogOperation.java: Some input files use unchecked or unsafe operations.
Read from stdout: /Users/maciej/Desktop/IoTWebRouter/src/java/websocket/requestOperations/Log/InterpretedLogOperation.java: Recompile with -Xlint:unchecked for details.
/Users/maciej/Desktop/IoTWebRouter/src/java/websocket/requestOperations/Log/InterpretedLogOperation.java: Recompile with -Xlint:unchecked for details.
Read from stdout: (compile:compileIncremental) javac returned nonzero exit code
(compile:compileIncremental) javac returned nonzero exit code
Total time: 12 s, completed 2015-12-16 17:16:21
> server-post-command-error-handler
> server-post-command-cleanup
> server-handle-next-server-request
> {file:/Users/maciej/Desktop/IoTWebRouter/}iotwebrouter/compile:mainClass
Evaluating tasks: compile:mainClass
Running task... Cancel: sbt.server.ServerTaskCancellation@3ea464b9, check cycles: false
Total time: 0 s, completed 2015-12-16 17:16:21
> server-post-command-cleanup
> server-handle-next-server-request
> {file:/Users/maciej/Desktop/IoTWebRouter/}iotwebrouter/compile:discoveredMainClasses
Evaluating tasks: compile:discoveredMainClasses
Running task... Cancel: sbt.server.ServerTaskCancellation@6d6918e5, check cycles: false

Initial source changes: 
	removed:Set()
	added: Set(/Users/maciej/Desktop/IoTWebRouter/src/java/model/Message.java, /Users/maciej/Desktop/IoTWebRouter/src/java/websocket/requestOperations/Log/ConnectionsLogOperation.java, /Users/maciej/Desktop/IoTWebRouter/src/java/websocket/requestOperations/ConnectOperation.java, /Users/maciej/Desktop/IoTWebRouter/src/java/websocket/requestOperations/Log/InterpretedLogOperation.java, /Users/maciej/Desktop/IoTWebRouter/src/java/websocket/requestOperations/SyntaxValidator.java, /Users/maciej/Desktop/IoTWebRouter/src/java/model/Router.java, /Users/maciej/Desktop/IoTWebRouter/src/java/model/Enviroment.java, /Users/maciej/Desktop/IoTWebRouter/src/java/websocket/requestOperations/RegisterOperation.java, /Users/maciej/Desktop/IoTWebRouter/src/java/websocket/requestOperations/Log/LogParser.java, /Users/maciej/Desktop/IoTWebRouter/src/java/websocket/requestOperations/ErrorOperation.java, /Users/maciej/Desktop/IoTWebRouter/src/java/model/DeviceInterface.java, /Users/maciej/Desktop/IoTWebRouter/src/java/websocket/requestOperations/Log/HelpLogOperation.java, /Users/maciej/Desktop/IoTWebRouter/src/java/websocket/requestOperations/Log/LogOperation.java, /Users/maciej/Desktop/IoTWebRouter/src/java/model/Medium.java, /Users/maciej/Desktop/IoTWebRouter/src/java/websocket/requestOperations/DataOperation.java, /Users/maciej/Desktop/IoTWebRouter/src/java/websocket/requestOperations/Log/DeviceLogOperation.java, /Users/maciej/Desktop/IoTWebRouter/src/java/websocket/requestOperations/RequestOperation.java, /Users/maciej/Desktop/IoTWebRouter/src/java/websocket/requestOperations/Error.java, /Users/maciej/Desktop/IoTWebRouter/src/java/model/Signal.java, /Users/maciej/Desktop/IoTWebRouter/src/java/model/Interactor.java, /Users/maciej/Desktop/IoTWebRouter/src/java/websocket/requestOperations/Log/LogRequestInterpreter.java, /Users/maciej/Desktop/IoTWebRouter/src/java/websocket/requestOperations/RequestOperationsSerializer.java, /Users/maciej/Desktop/IoTWebRouter/src/java/model/Device.java)
	modified: Set()
Removed products: Set()
External API changes: API Changes: Set()
Modified binary dependencies: Set()
Initial directly invalidated sources: Set(/Users/maciej/Desktop/IoTWebRouter/src/java/model/Message.java, /Users/maciej/Desktop/IoTWebRouter/src/java/websocket/requestOperations/Log/ConnectionsLogOperation.java, /Users/maciej/Desktop/IoTWebRouter/src/java/websocket/requestOperations/ConnectOperation.java, /Users/maciej/Desktop/IoTWebRouter/src/java/websocket/requestOperations/Log/InterpretedLogOperation.java, /Users/maciej/Desktop/IoTWebRouter/src/java/websocket/requestOperations/SyntaxValidator.java, /Users/maciej/Desktop/IoTWebRouter/src/java/model/Router.java, /Users/maciej/Desktop/IoTWebRouter/src/java/model/Enviroment.java, /Users/maciej/Desktop/IoTWebRouter/src/java/websocket/requestOperations/RegisterOperation.java, /Users/maciej/Desktop/IoTWebRouter/src/java/websocket/requestOperations/Log/LogParser.java, /Users/maciej/Desktop/IoTWebRouter/src/java/websocket/requestOperations/ErrorOperation.java, /Users/maciej/Desktop/IoTWebRouter/src/java/model/DeviceInterface.java, /Users/maciej/Desktop/IoTWebRouter/src/java/websocket/requestOperations/Log/HelpLogOperation.java, /Users/maciej/Desktop/IoTWebRouter/src/java/websocket/requestOperations/Log/LogOperation.java, /Users/maciej/Desktop/IoTWebRouter/src/java/model/Medium.java, /Users/maciej/Desktop/IoTWebRouter/src/java/websocket/requestOperations/DataOperation.java, /Users/maciej/Desktop/IoTWebRouter/src/java/websocket/requestOperations/Log/DeviceLogOperation.java, /Users/maciej/Desktop/IoTWebRouter/src/java/websocket/requestOperations/RequestOperation.java, /Users/maciej/Desktop/IoTWebRouter/src/java/websocket/requestOperations/Error.java, /Users/maciej/Desktop/IoTWebRouter/src/java/model/Signal.java, /Users/maciej/Desktop/IoTWebRouter/src/java/model/Interactor.java, /Users/maciej/Desktop/IoTWebRouter/src/java/websocket/requestOperations/Log/LogRequestInterpreter.java, /Users/maciej/Desktop/IoTWebRouter/src/java/websocket/requestOperations/RequestOperationsSerializer.java, /Users/maciej/Desktop/IoTWebRouter/src/java/model/Device.java)

Sources indirectly invalidated by:
	product: Set()
	binary dep: Set()
	external source: Set()
All initially invalidated sources: Set(/Users/maciej/Desktop/IoTWebRouter/src/java/model/Message.java, /Users/maciej/Desktop/IoTWebRouter/src/java/websocket/requestOperations/Log/ConnectionsLogOperation.java, /Users/maciej/Desktop/IoTWebRouter/src/java/websocket/requestOperations/ConnectOperation.java, /Users/maciej/Desktop/IoTWebRouter/src/java/websocket/requestOperations/Log/InterpretedLogOperation.java, /Users/maciej/Desktop/IoTWebRouter/src/java/websocket/requestOperations/SyntaxValidator.java, /Users/maciej/Desktop/IoTWebRouter/src/java/model/Router.java, /Users/maciej/Desktop/IoTWebRouter/src/java/model/Enviroment.java, /Users/maciej/Desktop/IoTWebRouter/src/java/websocket/requestOperations/RegisterOperation.java, /Users/maciej/Desktop/IoTWebRouter/src/java/websocket/requestOperations/Log/LogParser.java, /Users/maciej/Desktop/IoTWebRouter/src/java/websocket/requestOperations/ErrorOperation.java, /Users/maciej/Desktop/IoTWebRouter/src/java/model/DeviceInterface.java, /Users/maciej/Desktop/IoTWebRouter/src/java/websocket/requestOperations/Log/HelpLogOperation.java, /Users/maciej/Desktop/IoTWebRouter/src/java/websocket/requestOperations/Log/LogOperation.java, /Users/maciej/Desktop/IoTWebRouter/src/java/model/Medium.java, /Users/maciej/Desktop/IoTWebRouter/src/java/websocket/requestOperations/DataOperation.java, /Users/maciej/Desktop/IoTWebRouter/src/java/websocket/requestOperations/Log/DeviceLogOperation.java, /Users/maciej/Desktop/IoTWebRouter/src/java/websocket/requestOperations/RequestOperation.java, /Users/maciej/Desktop/IoTWebRouter/src/java/websocket/requestOperations/Error.java, /Users/maciej/Desktop/IoTWebRouter/src/java/model/Signal.java, /Users/maciej/Desktop/IoTWebRouter/src/java/model/Interactor.java, /Users/maciej/Desktop/IoTWebRouter/src/java/websocket/requestOperations/Log/LogRequestInterpreter.java, /Users/maciej/Desktop/IoTWebRouter/src/java/websocket/requestOperations/RequestOperationsSerializer.java, /Users/maciej/Desktop/IoTWebRouter/src/java/model/Device.java)

Recompiling all 32 sources: invalidated sources (23) exceeded 50.0% of all sources
Read from stdout: Compiling 5 Scala sources and 27 Java sources to /Users/maciej/Desktop/IoTWebRouter/target/scala-2.10/classes...
Compiling 5 Scala sources and 27 Java sources to /Users/maciej/Desktop/IoTWebRouter/target/scala-2.10/classes...
Getting compiler-interface from component compiler for Scala 2.10.2
Other repositories:
Default repositories:
Getting compiler-interface from component compiler for Scala 2.10.2
Other repositories:
Default repositories:
Running cached compiler 666ef14c, interfacing (CompilerInterface) with Scala compiler version 2.10.2
Calling Scala compiler with arguments  (CompilerInterface):
	-deprecation
	-unchecked
	-encoding
	utf8
	-bootclasspath
	/Library/Java/JavaVirtualMachines/jdk1.8.0_60.jdk/Contents/Home/jre/lib/resources.jar:/Library/Java/JavaVirtualMachines/jdk1.8.0_60.jdk/Contents/Home/jre/lib/rt.jar:/Library/Java/JavaVirtualMachines/jdk1.8.0_60.jdk/Contents/Home/jre/lib/sunrsasign.jar:/Library/Java/JavaVirtualMachines/jdk1.8.0_60.jdk/Contents/Home/jre/lib/jsse.jar:/Library/Java/JavaVirtualMachines/jdk1.8.0_60.jdk/Contents/Home/jre/lib/jce.jar:/Library/Java/JavaVirtualMachines/jdk1.8.0_60.jdk/Contents/Home/jre/lib/charsets.jar:/Library/Java/JavaVirtualMachines/jdk1.8.0_60.jdk/Contents/Home/jre/lib/jfr.jar:/Library/Java/JavaVirtualMachines/jdk1.8.0_60.jdk/Contents/Home/jre/classes:/Users/maciej/.ivy2/cache/org.scala-lang/scala-library/jars/scala-library-2.10.2.jar
	-classpath
	/Users/maciej/Desktop/IoTWebRouter/target/scala-2.10/classes:/Users/maciej/.ivy2/cache/com.typesafe.play/play-java-jdbc_2.10/jars/play-java-jdbc_2.10-2.2.0.jar:/Users/maciej/.ivy2/cache/com.typesafe.play/play-jdbc_2.10/jars/play-jdbc_2.10-2.2.0.jar:/Users/maciej/.ivy2/cache/com.typesafe.play/play_2.10/jars/play_2.10-2.2.0.jar:/Users/maciej/.ivy2/cache/com.typesafe.play/sbt-link/jars/sbt-link-2.2.0.jar:/Users/maciej/.ivy2/cache/org.javassist/javassist/bundles/javassist-3.18.0-GA.jar:/Users/maciej/.ivy2/cache/com.typesafe.play/play-exceptions/jars/play-exceptions-2.2.0.jar:/Users/maciej/.ivy2/cache/com.typesafe.play/templates_2.10/jars/templates_2.10-2.2.0.jar:/Users/maciej/.ivy2/cache/com.github.scala-incubator.io/scala-io-file_2.10/jars/scala-io-file_2.10-0.4.2.jar:/Users/maciej/.ivy2/cache/com.github.scala-incubator.io/scala-io-core_2.10/jars/scala-io-core_2.10-0.4.2.jar:/Users/maciej/.ivy2/cache/com.jsuereth/scala-arm_2.10/jars/scala-arm_2.10-1.3.jar:/Users/maciej/.ivy2/cache/com.typesafe.play/play-iteratees_2.10/jars/play-iteratees_2.10-2.2.0.jar:/Users/maciej/.ivy2/cache/org.scala-stm/scala-stm_2.10/jars/scala-stm_2.10-0.7.jar:/Users/maciej/.ivy2/cache/com.typesafe/config/bundles/config-1.0.2.jar:/Users/maciej/.ivy2/cache/com.typesafe.play/play-json_2.10/jars/play-json_2.10-2.2.0.jar:/Users/maciej/.ivy2/cache/com.typesafe.play/play-functional_2.10/jars/play-functional_2.10-2.2.0.jar:/Users/maciej/.ivy2/cache/com.typesafe.play/play-datacommons_2.10/jars/play-datacommons_2.10-2.2.0.jar:/Users/maciej/.ivy2/cache/joda-time/joda-time/jars/joda-time-2.2.jar:/Users/maciej/.ivy2/cache/org.joda/joda-convert/jars/joda-convert-1.3.1.jar:/Users/maciej/.ivy2/cache/com.fasterxml.jackson.core/jackson-annotations/jars/jackson-annotations-2.2.2.jar:/Users/maciej/.ivy2/cache/com.fasterxml.jackson.core/jackson-core/jars/jackson-core-2.2.2.jar:/Users/maciej/.ivy2/cache/com.fasterxml.jackson.core/jackson-databind/jars/jackson-databind-2.2.2.jar:/Users/maciej/.ivy2/cache/org.scala-lang/scala-reflect/jars/scala-reflect-2.10.2.jar:/Users/maciej/.ivy2/cache/io.netty/netty/bundles/netty-3.7.0.Final.jar:/Users/maciej/.ivy2/cache/com.typesafe.netty/netty-http-pipelining/jars/netty-http-pipelining-1.1.2.jar:/Users/maciej/.ivy2/cache/org.slf4j/slf4j-api/jars/slf4j-api-1.7.5.jar:/Users/maciej/.ivy2/cache/org.slf4j/jul-to-slf4j/jars/jul-to-slf4j-1.7.5.jar:/Users/maciej/.ivy2/cache/org.slf4j/jcl-over-slf4j/jars/jcl-over-slf4j-1.7.5.jar:/Users/maciej/.ivy2/cache/ch.qos.logback/logback-core/jars/logback-core-1.0.13.jar:/Users/maciej/.ivy2/cache/ch.qos.logback/logback-classic/jars/logback-classic-1.0.13.jar:/Users/maciej/.ivy2/cache/com.typesafe.akka/akka-actor_2.10/jars/akka-actor_2.10-2.2.0.jar:/Users/maciej/.ivy2/cache/com.typesafe.akka/akka-slf4j_2.10/bundles/akka-slf4j_2.10-2.2.0.jar:/Users/maciej/.ivy2/cache/org.apache.commons/commons-lang3/jars/commons-lang3-3.1.jar:/Users/maciej/.ivy2/cache/com.ning/async-http-client/jars/async-http-client-1.7.18.jar:/Users/maciej/.ivy2/cache/oauth.signpost/signpost-core/jars/signpost-core-1.2.1.2.jar:/Users/maciej/.ivy2/cache/commons-codec/commons-codec/jars/commons-codec-1.3.jar:/Users/maciej/.ivy2/cache/oauth.signpost/signpost-commonshttp4/jars/signpost-commonshttp4-1.2.1.2.jar:/Users/maciej/.ivy2/cache/org.apache.httpcomponents/httpcore/jars/httpcore-4.0.1.jar:/Users/maciej/.ivy2/cache/org.apache.httpcomponents/httpclient/jars/httpclient-4.0.1.jar:/Users/maciej/.ivy2/cache/commons-logging/commons-logging/jars/commons-logging-1.1.1.jar:/Users/maciej/.ivy2/cache/xerces/xercesImpl/jars/xercesImpl-2.11.0.jar:/Users/maciej/.ivy2/cache/xml-apis/xml-apis/jars/xml-apis-1.4.01.jar:/Users/maciej/.ivy2/cache/javax.transaction/jta/jars/jta-1.1.jar:/Users/maciej/.ivy2/cache/com.jolbox/bonecp/bundles/bonecp-0.8.0-rc1.jar:/Users/maciej/.ivy2/cache/com.google.guava/guava/bundles/guava-14.0.1.jar:/Users/maciej/.ivy2/cache/com.h2database/h2/jars/h2-1.3.172.jar:/Users/maciej/.ivy2/cache/tyrex/tyrex/jars/tyrex-1.0.1.jar:/Users/maciej/.ivy2/cache/com.typesafe.play/play-java_2.10/jars/play-java_2.10-2.2.0.jar:/Users/maciej/.ivy2/cache/org.yaml/snakeyaml/bundles/snakeyaml-1.12.jar:/Users/maciej/.ivy2/cache/org.hibernate/hibernate-validator/jars/hibernate-validator-5.0.1.Final.jar:/Users/maciej/.ivy2/cache/javax.validation/validation-api/jars/validation-api-1.1.0.Final.jar:/Users/maciej/.ivy2/cache/org.jboss.logging/jboss-logging/jars/jboss-logging-3.1.1.GA.jar:/Users/maciej/.ivy2/cache/com.fasterxml/classmate/bundles/classmate-0.8.0.jar:/Users/maciej/.ivy2/cache/org.springframework/spring-context/jars/spring-context-3.2.3.RELEASE.jar:/Users/maciej/.ivy2/cache/org.springframework/spring-core/jars/spring-core-3.2.3.RELEASE.jar:/Users/maciej/.ivy2/cache/org.springframework/spring-beans/jars/spring-beans-3.2.3.RELEASE.jar:/Users/maciej/.ivy2/cache/org.reflections/reflections/jars/reflections-0.9.8.jar:/Users/maciej/.ivy2/cache/dom4j/dom4j/jars/dom4j-1.6.1.jar:/Users/maciej/.ivy2/cache/com.google.code.findbugs/jsr305/jars/jsr305-2.0.1.jar:/Users/maciej/.ivy2/cache/javax.servlet/javax.servlet-api/jars/javax.servlet-api-3.0.1.jar:/Users/maciej/.ivy2/cache/com.typesafe.play/play-java-ebean_2.10/jars/play-java-ebean_2.10-2.2.0.jar:/Users/maciej/.ivy2/cache/org.avaje.ebeanorm/avaje-ebeanorm/jars/avaje-ebeanorm-3.2.2.jar:/Users/maciej/.ivy2/cache/org.avaje.ebeanorm/avaje-ebeanorm-agent/jars/avaje-ebeanorm-agent-3.2.1.jar:/Users/maciej/.ivy2/cache/org.hibernate.javax.persistence/hibernate-jpa-2.0-api/jars/hibernate-jpa-2.0-api-1.0.1.Final.jar:/Users/maciej/.ivy2/cache/com.typesafe.play/play-cache_2.10/jars/play-cache_2.10-2.2.0.jar:/Users/maciej/.ivy2/cache/net.sf.ehcache/ehcache-core/jars/ehcache-core-2.6.6.jar:/Users/maciej/.ivy2/cache/com.google.code.gson/gson/jars/gson-2.2.4.jar
Scala compilation took 3.178575885 s
Attempting to call com.sun.tools.javac.api.JavacTool@4404c184 directly...
Read from stdout: /Users/maciej/Desktop/IoTWebRouter/src/java/model/Interactor.java:9: cannot find symbol
Read from stdout: symbol:   class AdminWebSocket
Read from stdout: location: package websocket
/Users/maciej/Desktop/IoTWebRouter/src/java/model/Interactor.java:9: cannot find symbol
  symbol:   class AdminWebSocket
  location: package websocket
Read from stdout: websocket.AdminWebSocket
websocket.AdminWebSocket
Read from stdout: /Users/maciej/Desktop/IoTWebRouter/src/java/websocket/requestOperations/Log/HelpLogOperation.java:11: package javax.websocket does not exist
/Users/maciej/Desktop/IoTWebRouter/src/java/websocket/requestOperations/Log/HelpLogOperation.java:11: package javax.websocket does not exist
Read from stdout: javax.websocket.Session
javax.websocket.Session
Read from stdout: /Users/maciej/Desktop/IoTWebRouter/src/java/model/Interactor.java:42: cannot find symbol
Read from stdout: symbol:   variable AdminWebSocket
Read from stdout: location: class model.Interactor
/Users/maciej/Desktop/IoTWebRouter/src/java/model/Interactor.java:42: cannot find symbol
  symbol:   variable AdminWebSocket
  location: class model.Interactor
Read from stdout: AdminWebSocket
AdminWebSocket
Read from stdout: /Users/maciej/Desktop/IoTWebRouter/src/java/model/Interactor.java:50: cannot find symbol
Read from stdout: symbol:   variable AdminWebSocket
Read from stdout: location: class model.Interactor
/Users/maciej/Desktop/IoTWebRouter/src/java/model/Interactor.java:50: cannot find symbol
  symbol:   variable AdminWebSocket
  location: class model.Interactor
Read from stdout: AdminWebSocket
AdminWebSocket
Read from stdout: /Users/maciej/Desktop/IoTWebRouter/src/java/websocket/requestOperations/Log/HelpLogOperation.java:84: cannot find symbol
Read from stdout: symbol:   class Session
Read from stdout: location: class websocket.requestOperations.Log.HelpLogOperation
/Users/maciej/Desktop/IoTWebRouter/src/java/websocket/requestOperations/Log/HelpLogOperation.java:84: cannot find symbol
  symbol:   class Session
  location: class websocket.requestOperations.Log.HelpLogOperation
Read from stdout: Session
Session
Read from stdout: /Users/maciej/Desktop/IoTWebRouter/src/java/websocket/requestOperations/Log/HelpLogOperation.java:91: cannot find symbol
Read from stdout: symbol:   class Session
Read from stdout: location: class websocket.requestOperations.Log.HelpLogOperation
/Users/maciej/Desktop/IoTWebRouter/src/java/websocket/requestOperations/Log/HelpLogOperation.java:91: cannot find symbol
  symbol:   class Session
  location: class websocket.requestOperations.Log.HelpLogOperation
Read from stdout: Session
Session
Read from stdout: /Users/maciej/Desktop/IoTWebRouter/src/java/websocket/requestOperations/Log/InterpretedLogOperation.java: Some input files use unchecked or unsafe operations.
/Users/maciej/Desktop/IoTWebRouter/src/java/websocket/requestOperations/Log/InterpretedLogOperation.java: Some input files use unchecked or unsafe operations.
Read from stdout: /Users/maciej/Desktop/IoTWebRouter/src/java/websocket/requestOperations/Log/InterpretedLogOperation.java: Recompile with -Xlint:unchecked for details.
/Users/maciej/Desktop/IoTWebRouter/src/java/websocket/requestOperations/Log/InterpretedLogOperation.java: Recompile with -Xlint:unchecked for details.
Read from stdout: (compile:compileIncremental) javac returned nonzero exit code
(compile:compileIncremental) javac returned nonzero exit code
Total time: 4 s, completed 2015-12-16 17:16:25
> server-post-command-error-handler
> server-post-command-cleanup
> server-handle-next-server-request
> compile
Evaluating tasks: compile:compile
Running task... Cancel: sbt.server.ServerTaskCancellation@5bff6806, check cycles: false

Initial source changes: 
	removed:Set()
	added: Set(/Users/maciej/Desktop/IoTWebRouter/src/java/model/Message.java, /Users/maciej/Desktop/IoTWebRouter/src/java/model/Router.java, /Users/maciej/Desktop/IoTWebRouter/src/java/model/Enviroment.java, /Users/maciej/Desktop/IoTWebRouter/src/java/model/DeviceInterface.java, /Users/maciej/Desktop/IoTWebRouter/src/java/model/Medium.java, /Users/maciej/Desktop/IoTWebRouter/src/java/model/Signal.java, /Users/maciej/Desktop/IoTWebRouter/src/java/model/Interactor.java, /Users/maciej/Desktop/IoTWebRouter/src/java/model/Device.java)
	modified: Set()
Removed products: Set()
External API changes: API Changes: Set()
Modified binary dependencies: Set()
Initial directly invalidated sources: Set(/Users/maciej/Desktop/IoTWebRouter/src/java/model/Message.java, /Users/maciej/Desktop/IoTWebRouter/src/java/model/Router.java, /Users/maciej/Desktop/IoTWebRouter/src/java/model/Enviroment.java, /Users/maciej/Desktop/IoTWebRouter/src/java/model/DeviceInterface.java, /Users/maciej/Desktop/IoTWebRouter/src/java/model/Medium.java, /Users/maciej/Desktop/IoTWebRouter/src/java/model/Signal.java, /Users/maciej/Desktop/IoTWebRouter/src/java/model/Interactor.java, /Users/maciej/Desktop/IoTWebRouter/src/java/model/Device.java)

Sources indirectly invalidated by:
	product: Set()
	binary dep: Set()
	external source: Set()
All initially invalidated sources: Set(/Users/maciej/Desktop/IoTWebRouter/src/java/model/Message.java, /Users/maciej/Desktop/IoTWebRouter/src/java/model/Router.java, /Users/maciej/Desktop/IoTWebRouter/src/java/model/Enviroment.java, /Users/maciej/Desktop/IoTWebRouter/src/java/model/DeviceInterface.java, /Users/maciej/Desktop/IoTWebRouter/src/java/model/Medium.java, /Users/maciej/Desktop/IoTWebRouter/src/java/model/Signal.java, /Users/maciej/Desktop/IoTWebRouter/src/java/model/Interactor.java, /Users/maciej/Desktop/IoTWebRouter/src/java/model/Device.java)

Read from stdout: Compiling 8 Java sources to /Users/maciej/Desktop/IoTWebRouter/target/scala-2.10/classes...
Compiling 8 Java sources to /Users/maciej/Desktop/IoTWebRouter/target/scala-2.10/classes...
Attempting to call com.sun.tools.javac.api.JavacTool@298884b directly...
Read from stdout: /Users/maciej/Desktop/IoTWebRouter/src/java/model/Interactor.java:9: package websocket does not exist
/Users/maciej/Desktop/IoTWebRouter/src/java/model/Interactor.java:9: package websocket does not exist
Read from stdout: websocket.AdminWebSocket
websocket.AdminWebSocket
Read from stdout: /Users/maciej/Desktop/IoTWebRouter/src/java/model/Interactor.java:42: cannot find symbol
Read from stdout: symbol:   variable AdminWebSocket
Read from stdout: location: class model.Interactor
/Users/maciej/Desktop/IoTWebRouter/src/java/model/Interactor.java:42: cannot find symbol
  symbol:   variable AdminWebSocket
  location: class model.Interactor
Read from stdout: AdminWebSocket
AdminWebSocket
Read from stdout: /Users/maciej/Desktop/IoTWebRouter/src/java/model/Interactor.java:50: cannot find symbol
Read from stdout: symbol:   variable AdminWebSocket
Read from stdout: location: class model.Interactor
/Users/maciej/Desktop/IoTWebRouter/src/java/model/Interactor.java:50: cannot find symbol
  symbol:   variable AdminWebSocket
  location: class model.Interactor
Read from stdout: AdminWebSocket
AdminWebSocket
Read from stdout: (compile:compileIncremental) javac returned nonzero exit code
(compile:compileIncremental) javac returned nonzero exit code
Total time: 1 s, completed 2015-12-16 17:19:46
> server-post-command-error-handler
> server-post-command-cleanup
> server-handle-next-server-request
Done executing sbt server engine, result Right(Exit(0))
Closing listening server socket
Waiting for socket thread
Waiting for request processor thread
Waiting for command engine result
Returning control to sbt launcher with result Exit(0)
Closing the 520@MaciejCH.local logs at Wed Dec 16 17:20:03 CET 2015, goodbye.
